[2.163s] Invoking command in '/home/tien/Documents/GitHub/ALL_CODE/red_ws/src/mobile': PYTHONPATH=/home/tien/Documents/GitHub/ALL_CODE/red_ws/build/mobile/prefix_override:/home/tien/Documents/GitHub/ALL_CODE/red_ws/install/mobile/lib/python3.10/site-packages:${PYTHONPATH} /usr/bin/python3 -W ignore:setup.py install is deprecated setup.py egg_info --egg-base ../../build/mobile build --build-base /home/tien/Documents/GitHub/ALL_CODE/red_ws/build/mobile/build install --record /home/tien/Documents/GitHub/ALL_CODE/red_ws/build/mobile/install.log --single-version-externally-managed install_data
[2.713s] running egg_info
[2.714s] writing ../../build/mobile/mobile.egg-info/PKG-INFO
[2.715s] writing dependency_links to ../../build/mobile/mobile.egg-info/dependency_links.txt
[2.715s] writing entry points to ../../build/mobile/mobile.egg-info/entry_points.txt
[2.715s] writing requirements to ../../build/mobile/mobile.egg-info/requires.txt
[2.715s] writing top-level names to ../../build/mobile/mobile.egg-info/top_level.txt
[2.718s] reading manifest file '../../build/mobile/mobile.egg-info/SOURCES.txt'
[2.720s] writing manifest file '../../build/mobile/mobile.egg-info/SOURCES.txt'
[2.721s] running build
[2.721s] running build_py
[2.721s] copying mobile/PositionControl.py -> /home/tien/Documents/GitHub/ALL_CODE/red_ws/build/mobile/build/lib/mobile
[2.721s] copying mobile/PID_node.py -> /home/tien/Documents/GitHub/ALL_CODE/red_ws/build/mobile/build/lib/mobile
[2.722s] running install
[2.722s] running install_lib
[2.723s] copying /home/tien/Documents/GitHub/ALL_CODE/red_ws/build/mobile/build/lib/mobile/PositionControl.py -> /home/tien/Documents/GitHub/ALL_CODE/red_ws/install/mobile/lib/python3.10/site-packages/mobile
[2.724s] copying /home/tien/Documents/GitHub/ALL_CODE/red_ws/build/mobile/build/lib/mobile/PID_node.py -> /home/tien/Documents/GitHub/ALL_CODE/red_ws/install/mobile/lib/python3.10/site-packages/mobile
[2.725s] byte-compiling /home/tien/Documents/GitHub/ALL_CODE/red_ws/install/mobile/lib/python3.10/site-packages/mobile/PositionControl.py to PositionControl.cpython-310.pyc
[2.726s] byte-compiling /home/tien/Documents/GitHub/ALL_CODE/red_ws/install/mobile/lib/python3.10/site-packages/mobile/PID_node.py to PID_node.cpython-310.pyc
[2.729s] running install_data
[2.729s] running install_egg_info
[2.731s] removing '/home/tien/Documents/GitHub/ALL_CODE/red_ws/install/mobile/lib/python3.10/site-packages/mobile-0.0.0-py3.10.egg-info' (and everything under it)
[2.732s] Copying ../../build/mobile/mobile.egg-info to /home/tien/Documents/GitHub/ALL_CODE/red_ws/install/mobile/lib/python3.10/site-packages/mobile-0.0.0-py3.10.egg-info
[2.734s] running install_scripts
[2.781s] Installing PID_test script to /home/tien/Documents/GitHub/ALL_CODE/red_ws/install/mobile/lib/mobile
[2.781s] writing list of installed files to '/home/tien/Documents/GitHub/ALL_CODE/red_ws/build/mobile/install.log'
[2.830s] Invoked command in '/home/tien/Documents/GitHub/ALL_CODE/red_ws/src/mobile' returned '0': PYTHONPATH=/home/tien/Documents/GitHub/ALL_CODE/red_ws/build/mobile/prefix_override:/home/tien/Documents/GitHub/ALL_CODE/red_ws/install/mobile/lib/python3.10/site-packages:${PYTHONPATH} /usr/bin/python3 -W ignore:setup.py install is deprecated setup.py egg_info --egg-base ../../build/mobile build --build-base /home/tien/Documents/GitHub/ALL_CODE/red_ws/build/mobile/build install --record /home/tien/Documents/GitHub/ALL_CODE/red_ws/build/mobile/install.log --single-version-externally-managed install_data
