[0.197s] DEBUG:colcon:Command line arguments: ['/usr/bin/colcon', 'build']
[0.197s] DEBUG:colcon:Parsed command line arguments: Namespace(log_base=None, log_level=None, verb_name='build', build_base='build', install_base='install', merge_install=False, symlink_install=False, test_result_base=None, continue_on_error=False, executor='parallel', parallel_workers=20, event_handlers=None, ignore_user_meta=False, metas=['./colcon.meta'], base_paths=['.'], packages_ignore=None, packages_ignore_regex=None, paths=None, packages_up_to=None, packages_up_to_regex=None, packages_above=None, packages_above_and_dependencies=None, packages_above_depth=None, packages_select_by_dep=None, packages_skip_by_dep=None, packages_skip_up_to=None, packages_select_build_failed=False, packages_skip_build_finished=False, packages_select_test_failures=False, packages_skip_test_passed=False, packages_select=None, packages_skip=None, packages_select_regex=None, packages_skip_regex=None, packages_start=None, packages_end=None, allow_overriding=[], cmake_args=None, cmake_target=None, cmake_target_skip_unavailable=False, cmake_clean_cache=False, cmake_clean_first=False, cmake_force_configure=False, ament_cmake_args=None, catkin_cmake_args=None, catkin_skip_building_tests=False, mixin_files=None, mixin=None, verb_parser=<colcon_mixin.mixin.mixin_argument.MixinArgumentDecorator object at 0x7515ec25d9f0>, verb_extension=<colcon_core.verb.build.BuildVerb object at 0x7515ec3d5780>, main=<bound method BuildVerb.main of <colcon_core.verb.build.BuildVerb object at 0x7515ec3d5780>>, mixin_verb=('build',))
[0.480s] Level 1:colcon.colcon_core.package_discovery:discover_packages(colcon_meta) check parameters
[0.480s] Level 1:colcon.colcon_core.package_discovery:discover_packages(recursive) check parameters
[0.480s] Level 1:colcon.colcon_core.package_discovery:discover_packages(ignore) check parameters
[0.480s] Level 1:colcon.colcon_core.package_discovery:discover_packages(path) check parameters
[0.480s] Level 1:colcon.colcon_core.package_discovery:discover_packages(colcon_meta) discover
[0.481s] Level 1:colcon.colcon_core.package_discovery:discover_packages(recursive) discover
[0.481s] INFO:colcon.colcon_core.package_discovery:Crawling recursively for packages in '/home/tien/Documents/GitHub/ALL_CODE/red_ws'
[0.481s] Level 1:colcon.colcon_core.package_identification:_identify(.) by extensions ['ignore', 'ignore_ament_install']
[0.481s] Level 1:colcon.colcon_core.package_identification:_identify(.) by extension 'ignore'
[0.481s] Level 1:colcon.colcon_core.package_identification:_identify(.) by extension 'ignore_ament_install'
[0.481s] Level 1:colcon.colcon_core.package_identification:_identify(.) by extensions ['colcon_pkg']
[0.481s] Level 1:colcon.colcon_core.package_identification:_identify(.) by extension 'colcon_pkg'
[0.481s] Level 1:colcon.colcon_core.package_identification:_identify(.) by extensions ['colcon_meta']
[0.481s] Level 1:colcon.colcon_core.package_identification:_identify(.) by extension 'colcon_meta'
[0.481s] Level 1:colcon.colcon_core.package_identification:_identify(.) by extensions ['ros']
[0.481s] Level 1:colcon.colcon_core.package_identification:_identify(.) by extension 'ros'
[0.511s] Level 1:colcon.colcon_core.package_identification:_identify(.) by extensions ['cmake', 'python']
[0.511s] Level 1:colcon.colcon_core.package_identification:_identify(.) by extension 'cmake'
[0.511s] Level 1:colcon.colcon_core.package_identification:_identify(.) by extension 'python'
[0.511s] Level 1:colcon.colcon_core.package_identification:_identify(.) by extensions ['python_setup_py']
[0.511s] Level 1:colcon.colcon_core.package_identification:_identify(.) by extension 'python_setup_py'
[0.511s] Level 1:colcon.colcon_core.package_identification:_identify(build) by extensions ['ignore', 'ignore_ament_install']
[0.511s] Level 1:colcon.colcon_core.package_identification:_identify(build) by extension 'ignore'
[0.512s] Level 1:colcon.colcon_core.package_identification:_identify(build) ignored
[0.512s] Level 1:colcon.colcon_core.package_identification:_identify(install) by extensions ['ignore', 'ignore_ament_install']
[0.512s] Level 1:colcon.colcon_core.package_identification:_identify(install) by extension 'ignore'
[0.512s] Level 1:colcon.colcon_core.package_identification:_identify(install) ignored
[0.512s] Level 1:colcon.colcon_core.package_identification:_identify(log) by extensions ['ignore', 'ignore_ament_install']
[0.512s] Level 1:colcon.colcon_core.package_identification:_identify(log) by extension 'ignore'
[0.512s] Level 1:colcon.colcon_core.package_identification:_identify(log) ignored
[0.512s] Level 1:colcon.colcon_core.package_identification:_identify(src) by extensions ['ignore', 'ignore_ament_install']
[0.512s] Level 1:colcon.colcon_core.package_identification:_identify(src) by extension 'ignore'
[0.512s] Level 1:colcon.colcon_core.package_identification:_identify(src) by extension 'ignore_ament_install'
[0.513s] Level 1:colcon.colcon_core.package_identification:_identify(src) by extensions ['colcon_pkg']
[0.513s] Level 1:colcon.colcon_core.package_identification:_identify(src) by extension 'colcon_pkg'
[0.513s] Level 1:colcon.colcon_core.package_identification:_identify(src) by extensions ['colcon_meta']
[0.513s] Level 1:colcon.colcon_core.package_identification:_identify(src) by extension 'colcon_meta'
[0.513s] Level 1:colcon.colcon_core.package_identification:_identify(src) by extensions ['ros']
[0.513s] Level 1:colcon.colcon_core.package_identification:_identify(src) by extension 'ros'
[0.513s] Level 1:colcon.colcon_core.package_identification:_identify(src) by extensions ['cmake', 'python']
[0.513s] Level 1:colcon.colcon_core.package_identification:_identify(src) by extension 'cmake'
[0.513s] Level 1:colcon.colcon_core.package_identification:_identify(src) by extension 'python'
[0.513s] Level 1:colcon.colcon_core.package_identification:_identify(src) by extensions ['python_setup_py']
[0.513s] Level 1:colcon.colcon_core.package_identification:_identify(src) by extension 'python_setup_py'
[0.513s] Level 1:colcon.colcon_core.package_identification:_identify(src/mobile) by extensions ['ignore', 'ignore_ament_install']
[0.513s] Level 1:colcon.colcon_core.package_identification:_identify(src/mobile) by extension 'ignore'
[0.513s] Level 1:colcon.colcon_core.package_identification:_identify(src/mobile) by extension 'ignore_ament_install'
[0.513s] Level 1:colcon.colcon_core.package_identification:_identify(src/mobile) by extensions ['colcon_pkg']
[0.513s] Level 1:colcon.colcon_core.package_identification:_identify(src/mobile) by extension 'colcon_pkg'
[0.513s] Level 1:colcon.colcon_core.package_identification:_identify(src/mobile) by extensions ['colcon_meta']
[0.514s] Level 1:colcon.colcon_core.package_identification:_identify(src/mobile) by extension 'colcon_meta'
[0.514s] Level 1:colcon.colcon_core.package_identification:_identify(src/mobile) by extensions ['ros']
[0.514s] Level 1:colcon.colcon_core.package_identification:_identify(src/mobile) by extension 'ros'
[0.517s] DEBUG:colcon.colcon_core.package_identification:Package 'src/mobile' with type 'ros.ament_python' and name 'mobile'
[0.518s] Level 1:colcon.colcon_core.package_identification:_identify(src/state) by extensions ['ignore', 'ignore_ament_install']
[0.518s] Level 1:colcon.colcon_core.package_identification:_identify(src/state) by extension 'ignore'
[0.518s] Level 1:colcon.colcon_core.package_identification:_identify(src/state) by extension 'ignore_ament_install'
[0.518s] Level 1:colcon.colcon_core.package_identification:_identify(src/state) by extensions ['colcon_pkg']
[0.518s] Level 1:colcon.colcon_core.package_identification:_identify(src/state) by extension 'colcon_pkg'
[0.518s] Level 1:colcon.colcon_core.package_identification:_identify(src/state) by extensions ['colcon_meta']
[0.518s] Level 1:colcon.colcon_core.package_identification:_identify(src/state) by extension 'colcon_meta'
[0.518s] Level 1:colcon.colcon_core.package_identification:_identify(src/state) by extensions ['ros']
[0.518s] Level 1:colcon.colcon_core.package_identification:_identify(src/state) by extension 'ros'
[0.519s] DEBUG:colcon.colcon_core.package_identification:Package 'src/state' with type 'ros.ament_python' and name 'state'
[0.519s] Level 1:colcon.colcon_core.package_identification:_identify(src/vision) by extensions ['ignore', 'ignore_ament_install']
[0.519s] Level 1:colcon.colcon_core.package_identification:_identify(src/vision) by extension 'ignore'
[0.519s] Level 1:colcon.colcon_core.package_identification:_identify(src/vision) by extension 'ignore_ament_install'
[0.519s] Level 1:colcon.colcon_core.package_identification:_identify(src/vision) by extensions ['colcon_pkg']
[0.519s] Level 1:colcon.colcon_core.package_identification:_identify(src/vision) by extension 'colcon_pkg'
[0.519s] Level 1:colcon.colcon_core.package_identification:_identify(src/vision) by extensions ['colcon_meta']
[0.519s] Level 1:colcon.colcon_core.package_identification:_identify(src/vision) by extension 'colcon_meta'
[0.520s] Level 1:colcon.colcon_core.package_identification:_identify(src/vision) by extensions ['ros']
[0.520s] Level 1:colcon.colcon_core.package_identification:_identify(src/vision) by extension 'ros'
[0.520s] DEBUG:colcon.colcon_core.package_identification:Package 'src/vision' with type 'ros.ament_python' and name 'vision'
[0.520s] Level 1:colcon.colcon_core.package_discovery:discover_packages(recursive) using defaults
[0.520s] Level 1:colcon.colcon_core.package_discovery:discover_packages(ignore) discover
[0.520s] Level 1:colcon.colcon_core.package_discovery:discover_packages(ignore) using defaults
[0.521s] Level 1:colcon.colcon_core.package_discovery:discover_packages(path) discover
[0.521s] Level 1:colcon.colcon_core.package_discovery:discover_packages(path) using defaults
[0.555s] Level 1:colcon.colcon_core.package_discovery:discover_packages(prefix_path) check parameters
[0.556s] Level 1:colcon.colcon_core.package_discovery:discover_packages(prefix_path) discover
[0.559s] DEBUG:colcon.colcon_installed_package_information.package_discovery:Found 3 installed packages in /home/tien/Documents/GitHub/ALL_CODE/red_ws/install
[0.560s] DEBUG:colcon.colcon_installed_package_information.package_discovery:Found 15 installed packages in /home/tien/turtlebot3_ws/install
[0.561s] DEBUG:colcon.colcon_installed_package_information.package_discovery:Found 3 installed packages in /home/tien/jinpao_naia_ws/install
[0.561s] DEBUG:colcon.colcon_installed_package_information.package_discovery:Found 1 installed packages in /home/tien/abu_ws/install
[0.562s] DEBUG:colcon.colcon_installed_package_information.package_discovery:Found 3 installed packages in /home/tien/three_wheel_ws/install
[0.562s] DEBUG:colcon.colcon_installed_package_information.package_discovery:Found 5 installed packages in /home/tien/jinpao_ws/install
[0.565s] DEBUG:colcon.colcon_installed_package_information.package_discovery:Found 410 installed packages in /opt/ros/humble
[0.569s] Level 1:colcon.colcon_core.package_discovery:discover_packages(prefix_path) using defaults
[0.637s] Level 5:colcon.colcon_core.verb:set package 'mobile' build argument 'cmake_args' from command line to 'None'
[0.637s] Level 5:colcon.colcon_core.verb:set package 'mobile' build argument 'cmake_target' from command line to 'None'
[0.638s] Level 5:colcon.colcon_core.verb:set package 'mobile' build argument 'cmake_target_skip_unavailable' from command line to 'False'
[0.638s] Level 5:colcon.colcon_core.verb:set package 'mobile' build argument 'cmake_clean_cache' from command line to 'False'
[0.638s] Level 5:colcon.colcon_core.verb:set package 'mobile' build argument 'cmake_clean_first' from command line to 'False'
[0.638s] Level 5:colcon.colcon_core.verb:set package 'mobile' build argument 'cmake_force_configure' from command line to 'False'
[0.638s] Level 5:colcon.colcon_core.verb:set package 'mobile' build argument 'ament_cmake_args' from command line to 'None'
[0.638s] Level 5:colcon.colcon_core.verb:set package 'mobile' build argument 'catkin_cmake_args' from command line to 'None'
[0.638s] Level 5:colcon.colcon_core.verb:set package 'mobile' build argument 'catkin_skip_building_tests' from command line to 'False'
[0.638s] DEBUG:colcon.colcon_core.verb:Building package 'mobile' with the following arguments: {'ament_cmake_args': None, 'build_base': '/home/tien/Documents/GitHub/ALL_CODE/red_ws/build/mobile', 'catkin_cmake_args': None, 'catkin_skip_building_tests': False, 'cmake_args': None, 'cmake_clean_cache': False, 'cmake_clean_first': False, 'cmake_force_configure': False, 'cmake_target': None, 'cmake_target_skip_unavailable': False, 'install_base': '/home/tien/Documents/GitHub/ALL_CODE/red_ws/install/mobile', 'merge_install': False, 'path': '/home/tien/Documents/GitHub/ALL_CODE/red_ws/src/mobile', 'symlink_install': False, 'test_result_base': None}
[0.638s] Level 5:colcon.colcon_core.verb:set package 'state' build argument 'cmake_args' from command line to 'None'
[0.638s] Level 5:colcon.colcon_core.verb:set package 'state' build argument 'cmake_target' from command line to 'None'
[0.638s] Level 5:colcon.colcon_core.verb:set package 'state' build argument 'cmake_target_skip_unavailable' from command line to 'False'
[0.638s] Level 5:colcon.colcon_core.verb:set package 'state' build argument 'cmake_clean_cache' from command line to 'False'
[0.638s] Level 5:colcon.colcon_core.verb:set package 'state' build argument 'cmake_clean_first' from command line to 'False'
[0.639s] Level 5:colcon.colcon_core.verb:set package 'state' build argument 'cmake_force_configure' from command line to 'False'
[0.639s] Level 5:colcon.colcon_core.verb:set package 'state' build argument 'ament_cmake_args' from command line to 'None'
[0.639s] Level 5:colcon.colcon_core.verb:set package 'state' build argument 'catkin_cmake_args' from command line to 'None'
[0.639s] Level 5:colcon.colcon_core.verb:set package 'state' build argument 'catkin_skip_building_tests' from command line to 'False'
[0.639s] DEBUG:colcon.colcon_core.verb:Building package 'state' with the following arguments: {'ament_cmake_args': None, 'build_base': '/home/tien/Documents/GitHub/ALL_CODE/red_ws/build/state', 'catkin_cmake_args': None, 'catkin_skip_building_tests': False, 'cmake_args': None, 'cmake_clean_cache': False, 'cmake_clean_first': False, 'cmake_force_configure': False, 'cmake_target': None, 'cmake_target_skip_unavailable': False, 'install_base': '/home/tien/Documents/GitHub/ALL_CODE/red_ws/install/state', 'merge_install': False, 'path': '/home/tien/Documents/GitHub/ALL_CODE/red_ws/src/state', 'symlink_install': False, 'test_result_base': None}
[0.639s] Level 5:colcon.colcon_core.verb:set package 'vision' build argument 'cmake_args' from command line to 'None'
[0.639s] Level 5:colcon.colcon_core.verb:set package 'vision' build argument 'cmake_target' from command line to 'None'
[0.639s] Level 5:colcon.colcon_core.verb:set package 'vision' build argument 'cmake_target_skip_unavailable' from command line to 'False'
[0.639s] Level 5:colcon.colcon_core.verb:set package 'vision' build argument 'cmake_clean_cache' from command line to 'False'
[0.639s] Level 5:colcon.colcon_core.verb:set package 'vision' build argument 'cmake_clean_first' from command line to 'False'
[0.639s] Level 5:colcon.colcon_core.verb:set package 'vision' build argument 'cmake_force_configure' from command line to 'False'
[0.639s] Level 5:colcon.colcon_core.verb:set package 'vision' build argument 'ament_cmake_args' from command line to 'None'
[0.639s] Level 5:colcon.colcon_core.verb:set package 'vision' build argument 'catkin_cmake_args' from command line to 'None'
[0.639s] Level 5:colcon.colcon_core.verb:set package 'vision' build argument 'catkin_skip_building_tests' from command line to 'False'
[0.639s] DEBUG:colcon.colcon_core.verb:Building package 'vision' with the following arguments: {'ament_cmake_args': None, 'build_base': '/home/tien/Documents/GitHub/ALL_CODE/red_ws/build/vision', 'catkin_cmake_args': None, 'catkin_skip_building_tests': False, 'cmake_args': None, 'cmake_clean_cache': False, 'cmake_clean_first': False, 'cmake_force_configure': False, 'cmake_target': None, 'cmake_target_skip_unavailable': False, 'install_base': '/home/tien/Documents/GitHub/ALL_CODE/red_ws/install/vision', 'merge_install': False, 'path': '/home/tien/Documents/GitHub/ALL_CODE/red_ws/src/vision', 'symlink_install': False, 'test_result_base': None}
[0.640s] INFO:colcon.colcon_core.executor:Executing jobs using 'parallel' executor
[0.641s] DEBUG:colcon.colcon_parallel_executor.executor.parallel:run_until_complete
[0.641s] INFO:colcon.colcon_ros.task.ament_python.build:Building ROS package in '/home/tien/Documents/GitHub/ALL_CODE/red_ws/src/mobile' with build type 'ament_python'
[0.642s] Level 1:colcon.colcon_core.shell:create_environment_hook('mobile', 'ament_prefix_path')
[0.645s] INFO:colcon.colcon_core.plugin_system:Skipping extension 'colcon_core.shell.bat': Not used on non-Windows systems
[0.645s] INFO:colcon.colcon_core.shell:Creating environment hook '/home/tien/Documents/GitHub/ALL_CODE/red_ws/install/mobile/share/mobile/hook/ament_prefix_path.ps1'
[0.646s] INFO:colcon.colcon_core.shell:Creating environment descriptor '/home/tien/Documents/GitHub/ALL_CODE/red_ws/install/mobile/share/mobile/hook/ament_prefix_path.dsv'
[0.647s] INFO:colcon.colcon_core.shell:Creating environment hook '/home/tien/Documents/GitHub/ALL_CODE/red_ws/install/mobile/share/mobile/hook/ament_prefix_path.sh'
[0.648s] INFO:colcon.colcon_core.shell:Skip shell extension 'powershell' for command environment: Not usable outside of PowerShell
[0.648s] DEBUG:colcon.colcon_core.shell:Skip shell extension 'dsv' for command environment
[0.657s] INFO:colcon.colcon_ros.task.ament_python.build:Building ROS package in '/home/tien/Documents/GitHub/ALL_CODE/red_ws/src/state' with build type 'ament_python'
[0.658s] Level 1:colcon.colcon_core.shell:create_environment_hook('state', 'ament_prefix_path')
[0.658s] INFO:colcon.colcon_core.shell:Creating environment hook '/home/tien/Documents/GitHub/ALL_CODE/red_ws/install/state/share/state/hook/ament_prefix_path.ps1'
[0.659s] INFO:colcon.colcon_core.shell:Creating environment descriptor '/home/tien/Documents/GitHub/ALL_CODE/red_ws/install/state/share/state/hook/ament_prefix_path.dsv'
[0.659s] INFO:colcon.colcon_core.shell:Creating environment hook '/home/tien/Documents/GitHub/ALL_CODE/red_ws/install/state/share/state/hook/ament_prefix_path.sh'
[0.660s] INFO:colcon.colcon_core.shell:Skip shell extension 'powershell' for command environment: Not usable outside of PowerShell
[0.660s] DEBUG:colcon.colcon_core.shell:Skip shell extension 'dsv' for command environment
[0.670s] INFO:colcon.colcon_ros.task.ament_python.build:Building ROS package in '/home/tien/Documents/GitHub/ALL_CODE/red_ws/src/vision' with build type 'ament_python'
[0.671s] Level 1:colcon.colcon_core.shell:create_environment_hook('vision', 'ament_prefix_path')
[0.671s] INFO:colcon.colcon_core.shell:Creating environment hook '/home/tien/Documents/GitHub/ALL_CODE/red_ws/install/vision/share/vision/hook/ament_prefix_path.ps1'
[0.672s] INFO:colcon.colcon_core.shell:Creating environment descriptor '/home/tien/Documents/GitHub/ALL_CODE/red_ws/install/vision/share/vision/hook/ament_prefix_path.dsv'
[0.672s] INFO:colcon.colcon_core.shell:Creating environment hook '/home/tien/Documents/GitHub/ALL_CODE/red_ws/install/vision/share/vision/hook/ament_prefix_path.sh'
[0.673s] INFO:colcon.colcon_core.shell:Skip shell extension 'powershell' for command environment: Not usable outside of PowerShell
[0.673s] DEBUG:colcon.colcon_core.shell:Skip shell extension 'dsv' for command environment
[1.174s] INFO:colcon.colcon_core.task.python.build:Building Python package in '/home/tien/Documents/GitHub/ALL_CODE/red_ws/src/mobile'
[1.175s] INFO:colcon.colcon_core.shell:Skip shell extension 'powershell' for command environment: Not usable outside of PowerShell
[1.175s] DEBUG:colcon.colcon_core.shell:Skip shell extension 'dsv' for command environment
[1.623s] INFO:colcon.colcon_core.task.python.build:Building Python package in '/home/tien/Documents/GitHub/ALL_CODE/red_ws/src/state'
[1.624s] INFO:colcon.colcon_core.shell:Skip shell extension 'powershell' for command environment: Not usable outside of PowerShell
[1.624s] DEBUG:colcon.colcon_core.shell:Skip shell extension 'dsv' for command environment
[2.066s] INFO:colcon.colcon_core.task.python.build:Building Python package in '/home/tien/Documents/GitHub/ALL_CODE/red_ws/src/vision'
[2.066s] INFO:colcon.colcon_core.shell:Skip shell extension 'powershell' for command environment: Not usable outside of PowerShell
[2.066s] DEBUG:colcon.colcon_core.shell:Skip shell extension 'dsv' for command environment
[2.891s] DEBUG:colcon.colcon_core.event_handler.log_command:Invoking command in '/home/tien/Documents/GitHub/ALL_CODE/red_ws/src/mobile': PYTHONPATH=/home/tien/Documents/GitHub/ALL_CODE/red_ws/build/mobile/prefix_override:/home/tien/Documents/GitHub/ALL_CODE/red_ws/install/mobile/lib/python3.10/site-packages:${PYTHONPATH} /usr/bin/python3 -W ignore:setup.py install is deprecated setup.py egg_info --egg-base ../../build/mobile build --build-base /home/tien/Documents/GitHub/ALL_CODE/red_ws/build/mobile/build install --record /home/tien/Documents/GitHub/ALL_CODE/red_ws/build/mobile/install.log --single-version-externally-managed install_data
[2.914s] DEBUG:colcon.colcon_core.event_handler.log_command:Invoking command in '/home/tien/Documents/GitHub/ALL_CODE/red_ws/src/state': PYTHONPATH=/home/tien/Documents/GitHub/ALL_CODE/red_ws/build/state/prefix_override:/home/tien/Documents/GitHub/ALL_CODE/red_ws/install/state/lib/python3.10/site-packages:${PYTHONPATH} /usr/bin/python3 -W ignore:setup.py install is deprecated setup.py egg_info --egg-base ../../build/state build --build-base /home/tien/Documents/GitHub/ALL_CODE/red_ws/build/state/build install --record /home/tien/Documents/GitHub/ALL_CODE/red_ws/build/state/install.log --single-version-externally-managed install_data
[2.920s] DEBUG:colcon.colcon_core.event_handler.log_command:Invoking command in '/home/tien/Documents/GitHub/ALL_CODE/red_ws/src/vision': PYTHONPATH=/home/tien/Documents/GitHub/ALL_CODE/red_ws/build/vision/prefix_override:/home/tien/Documents/GitHub/ALL_CODE/red_ws/install/vision/lib/python3.10/site-packages:${PYTHONPATH} /usr/bin/python3 -W ignore:setup.py install is deprecated setup.py egg_info --egg-base ../../build/vision build --build-base /home/tien/Documents/GitHub/ALL_CODE/red_ws/build/vision/build install --record /home/tien/Documents/GitHub/ALL_CODE/red_ws/build/vision/install.log --single-version-externally-managed install_data
[3.683s] DEBUG:colcon.colcon_core.event_handler.log_command:Invoked command in '/home/tien/Documents/GitHub/ALL_CODE/red_ws/src/mobile' returned '0': PYTHONPATH=/home/tien/Documents/GitHub/ALL_CODE/red_ws/build/mobile/prefix_override:/home/tien/Documents/GitHub/ALL_CODE/red_ws/install/mobile/lib/python3.10/site-packages:${PYTHONPATH} /usr/bin/python3 -W ignore:setup.py install is deprecated setup.py egg_info --egg-base ../../build/mobile build --build-base /home/tien/Documents/GitHub/ALL_CODE/red_ws/build/mobile/build install --record /home/tien/Documents/GitHub/ALL_CODE/red_ws/build/mobile/install.log --single-version-externally-managed install_data
[3.691s] Level 1:colcon.colcon_core.environment:checking '/home/tien/Documents/GitHub/ALL_CODE/red_ws/install/mobile' for CMake module files
[3.692s] Level 1:colcon.colcon_core.environment:checking '/home/tien/Documents/GitHub/ALL_CODE/red_ws/install/mobile' for CMake config files
[3.694s] Level 1:colcon.colcon_core.environment:checking '/home/tien/Documents/GitHub/ALL_CODE/red_ws/install/mobile/lib'
[3.694s] Level 1:colcon.colcon_core.environment:checking '/home/tien/Documents/GitHub/ALL_CODE/red_ws/install/mobile/bin'
[3.694s] Level 1:colcon.colcon_core.environment:checking '/home/tien/Documents/GitHub/ALL_CODE/red_ws/install/mobile/lib/pkgconfig/mobile.pc'
[3.695s] Level 1:colcon.colcon_core.environment:checking '/home/tien/Documents/GitHub/ALL_CODE/red_ws/install/mobile/lib/python3.10/site-packages'
[3.696s] Level 1:colcon.colcon_core.shell:create_environment_hook('mobile', 'pythonpath')
[3.696s] INFO:colcon.colcon_core.shell:Creating environment hook '/home/tien/Documents/GitHub/ALL_CODE/red_ws/install/mobile/share/mobile/hook/pythonpath.ps1'
[3.698s] INFO:colcon.colcon_core.shell:Creating environment descriptor '/home/tien/Documents/GitHub/ALL_CODE/red_ws/install/mobile/share/mobile/hook/pythonpath.dsv'
[3.699s] INFO:colcon.colcon_core.shell:Creating environment hook '/home/tien/Documents/GitHub/ALL_CODE/red_ws/install/mobile/share/mobile/hook/pythonpath.sh'
[3.701s] Level 1:colcon.colcon_core.environment:checking '/home/tien/Documents/GitHub/ALL_CODE/red_ws/install/mobile/bin'
[3.701s] Level 1:colcon.colcon_core.environment:create_environment_scripts_only(mobile)
[3.703s] INFO:colcon.colcon_core.shell:Creating package script '/home/tien/Documents/GitHub/ALL_CODE/red_ws/install/mobile/share/mobile/package.ps1'
[3.706s] INFO:colcon.colcon_core.shell:Creating package descriptor '/home/tien/Documents/GitHub/ALL_CODE/red_ws/install/mobile/share/mobile/package.dsv'
[3.708s] INFO:colcon.colcon_core.shell:Creating package script '/home/tien/Documents/GitHub/ALL_CODE/red_ws/install/mobile/share/mobile/package.sh'
[3.709s] INFO:colcon.colcon_core.shell:Creating package script '/home/tien/Documents/GitHub/ALL_CODE/red_ws/install/mobile/share/mobile/package.bash'
[3.711s] INFO:colcon.colcon_core.shell:Creating package script '/home/tien/Documents/GitHub/ALL_CODE/red_ws/install/mobile/share/mobile/package.zsh'
[3.712s] Level 1:colcon.colcon_core.environment:create_file_with_runtime_dependencies(/home/tien/Documents/GitHub/ALL_CODE/red_ws/install/mobile/share/colcon-core/packages/mobile)
[3.716s] Level 1:colcon.colcon_core.environment:checking '/home/tien/Documents/GitHub/ALL_CODE/red_ws/install/vision' for CMake module files
[3.718s] DEBUG:colcon.colcon_core.event_handler.log_command:Invoked command in '/home/tien/Documents/GitHub/ALL_CODE/red_ws/src/vision' returned '0': PYTHONPATH=/home/tien/Documents/GitHub/ALL_CODE/red_ws/build/vision/prefix_override:/home/tien/Documents/GitHub/ALL_CODE/red_ws/install/vision/lib/python3.10/site-packages:${PYTHONPATH} /usr/bin/python3 -W ignore:setup.py install is deprecated setup.py egg_info --egg-base ../../build/vision build --build-base /home/tien/Documents/GitHub/ALL_CODE/red_ws/build/vision/build install --record /home/tien/Documents/GitHub/ALL_CODE/red_ws/build/vision/install.log --single-version-externally-managed install_data
[3.718s] Level 1:colcon.colcon_core.environment:checking '/home/tien/Documents/GitHub/ALL_CODE/red_ws/install/vision' for CMake config files
[3.720s] Level 1:colcon.colcon_core.environment:checking '/home/tien/Documents/GitHub/ALL_CODE/red_ws/install/vision/lib'
[3.720s] Level 1:colcon.colcon_core.environment:checking '/home/tien/Documents/GitHub/ALL_CODE/red_ws/install/vision/bin'
[3.720s] Level 1:colcon.colcon_core.environment:checking '/home/tien/Documents/GitHub/ALL_CODE/red_ws/install/vision/lib/pkgconfig/vision.pc'
[3.721s] Level 1:colcon.colcon_core.environment:checking '/home/tien/Documents/GitHub/ALL_CODE/red_ws/install/vision/lib/python3.10/site-packages'
[3.721s] Level 1:colcon.colcon_core.shell:create_environment_hook('vision', 'pythonpath')
[3.722s] INFO:colcon.colcon_core.shell:Creating environment hook '/home/tien/Documents/GitHub/ALL_CODE/red_ws/install/vision/share/vision/hook/pythonpath.ps1'
[3.723s] INFO:colcon.colcon_core.shell:Creating environment descriptor '/home/tien/Documents/GitHub/ALL_CODE/red_ws/install/vision/share/vision/hook/pythonpath.dsv'
[3.724s] INFO:colcon.colcon_core.shell:Creating environment hook '/home/tien/Documents/GitHub/ALL_CODE/red_ws/install/vision/share/vision/hook/pythonpath.sh'
[3.725s] Level 1:colcon.colcon_core.environment:checking '/home/tien/Documents/GitHub/ALL_CODE/red_ws/install/vision/bin'
[3.725s] Level 1:colcon.colcon_core.environment:create_environment_scripts_only(vision)
[3.726s] INFO:colcon.colcon_core.shell:Creating package script '/home/tien/Documents/GitHub/ALL_CODE/red_ws/install/vision/share/vision/package.ps1'
[3.727s] INFO:colcon.colcon_core.shell:Creating package descriptor '/home/tien/Documents/GitHub/ALL_CODE/red_ws/install/vision/share/vision/package.dsv'
[3.728s] INFO:colcon.colcon_core.shell:Creating package script '/home/tien/Documents/GitHub/ALL_CODE/red_ws/install/vision/share/vision/package.sh'
[3.729s] INFO:colcon.colcon_core.shell:Creating package script '/home/tien/Documents/GitHub/ALL_CODE/red_ws/install/vision/share/vision/package.bash'
[3.729s] INFO:colcon.colcon_core.shell:Creating package script '/home/tien/Documents/GitHub/ALL_CODE/red_ws/install/vision/share/vision/package.zsh'
[3.730s] Level 1:colcon.colcon_core.environment:create_file_with_runtime_dependencies(/home/tien/Documents/GitHub/ALL_CODE/red_ws/install/vision/share/colcon-core/packages/vision)
[3.731s] Level 1:colcon.colcon_core.environment:checking '/home/tien/Documents/GitHub/ALL_CODE/red_ws/install/state' for CMake module files
[3.734s] Level 1:colcon.colcon_core.environment:checking '/home/tien/Documents/GitHub/ALL_CODE/red_ws/install/state' for CMake config files
[3.735s] DEBUG:colcon.colcon_core.event_handler.log_command:Invoked command in '/home/tien/Documents/GitHub/ALL_CODE/red_ws/src/state' returned '0': PYTHONPATH=/home/tien/Documents/GitHub/ALL_CODE/red_ws/build/state/prefix_override:/home/tien/Documents/GitHub/ALL_CODE/red_ws/install/state/lib/python3.10/site-packages:${PYTHONPATH} /usr/bin/python3 -W ignore:setup.py install is deprecated setup.py egg_info --egg-base ../../build/state build --build-base /home/tien/Documents/GitHub/ALL_CODE/red_ws/build/state/build install --record /home/tien/Documents/GitHub/ALL_CODE/red_ws/build/state/install.log --single-version-externally-managed install_data
[3.737s] Level 1:colcon.colcon_core.environment:checking '/home/tien/Documents/GitHub/ALL_CODE/red_ws/install/state/lib'
[3.737s] Level 1:colcon.colcon_core.environment:checking '/home/tien/Documents/GitHub/ALL_CODE/red_ws/install/state/bin'
[3.737s] Level 1:colcon.colcon_core.environment:checking '/home/tien/Documents/GitHub/ALL_CODE/red_ws/install/state/lib/pkgconfig/state.pc'
[3.738s] Level 1:colcon.colcon_core.environment:checking '/home/tien/Documents/GitHub/ALL_CODE/red_ws/install/state/lib/python3.10/site-packages'
[3.738s] Level 1:colcon.colcon_core.shell:create_environment_hook('state', 'pythonpath')
[3.738s] INFO:colcon.colcon_core.shell:Creating environment hook '/home/tien/Documents/GitHub/ALL_CODE/red_ws/install/state/share/state/hook/pythonpath.ps1'
[3.739s] INFO:colcon.colcon_core.shell:Creating environment descriptor '/home/tien/Documents/GitHub/ALL_CODE/red_ws/install/state/share/state/hook/pythonpath.dsv'
[3.740s] INFO:colcon.colcon_core.shell:Creating environment hook '/home/tien/Documents/GitHub/ALL_CODE/red_ws/install/state/share/state/hook/pythonpath.sh'
[3.742s] Level 1:colcon.colcon_core.environment:checking '/home/tien/Documents/GitHub/ALL_CODE/red_ws/install/state/bin'
[3.742s] Level 1:colcon.colcon_core.environment:create_environment_scripts_only(state)
[3.743s] INFO:colcon.colcon_core.shell:Creating package script '/home/tien/Documents/GitHub/ALL_CODE/red_ws/install/state/share/state/package.ps1'
[3.745s] INFO:colcon.colcon_core.shell:Creating package descriptor '/home/tien/Documents/GitHub/ALL_CODE/red_ws/install/state/share/state/package.dsv'
[3.747s] INFO:colcon.colcon_core.shell:Creating package script '/home/tien/Documents/GitHub/ALL_CODE/red_ws/install/state/share/state/package.sh'
[3.748s] INFO:colcon.colcon_core.shell:Creating package script '/home/tien/Documents/GitHub/ALL_CODE/red_ws/install/state/share/state/package.bash'
[3.750s] INFO:colcon.colcon_core.shell:Creating package script '/home/tien/Documents/GitHub/ALL_CODE/red_ws/install/state/share/state/package.zsh'
[3.751s] Level 1:colcon.colcon_core.environment:create_file_with_runtime_dependencies(/home/tien/Documents/GitHub/ALL_CODE/red_ws/install/state/share/colcon-core/packages/state)
[3.752s] DEBUG:colcon.colcon_parallel_executor.executor.parallel:closing loop
[3.753s] DEBUG:colcon.colcon_parallel_executor.executor.parallel:loop closed
[3.753s] DEBUG:colcon.colcon_parallel_executor.executor.parallel:run_until_complete finished with '0'
[3.753s] DEBUG:colcon.colcon_core.event_reactor:joining thread
[3.773s] INFO:colcon.colcon_core.plugin_system:Skipping extension 'colcon_notification.desktop_notification.terminal_notifier': Not used on non-Darwin systems
[3.774s] INFO:colcon.colcon_core.plugin_system:Skipping extension 'colcon_notification.desktop_notification.win32': Not used on non-Windows systems
[3.774s] INFO:colcon.colcon_notification.desktop_notification:Sending desktop notification using 'notify2'
[3.808s] DEBUG:colcon.colcon_core.event_reactor:joined thread
[3.809s] INFO:colcon.colcon_core.shell:Creating prefix script '/home/tien/Documents/GitHub/ALL_CODE/red_ws/install/local_setup.ps1'
[3.811s] INFO:colcon.colcon_core.shell:Creating prefix util module '/home/tien/Documents/GitHub/ALL_CODE/red_ws/install/_local_setup_util_ps1.py'
[3.813s] INFO:colcon.colcon_core.shell:Creating prefix chain script '/home/tien/Documents/GitHub/ALL_CODE/red_ws/install/setup.ps1'
[3.816s] INFO:colcon.colcon_core.shell:Creating prefix script '/home/tien/Documents/GitHub/ALL_CODE/red_ws/install/local_setup.sh'
[3.817s] INFO:colcon.colcon_core.shell:Creating prefix util module '/home/tien/Documents/GitHub/ALL_CODE/red_ws/install/_local_setup_util_sh.py'
[3.818s] INFO:colcon.colcon_core.shell:Creating prefix chain script '/home/tien/Documents/GitHub/ALL_CODE/red_ws/install/setup.sh'
[3.821s] INFO:colcon.colcon_core.shell:Creating prefix script '/home/tien/Documents/GitHub/ALL_CODE/red_ws/install/local_setup.bash'
[3.822s] INFO:colcon.colcon_core.shell:Creating prefix chain script '/home/tien/Documents/GitHub/ALL_CODE/red_ws/install/setup.bash'
[3.826s] INFO:colcon.colcon_core.shell:Creating prefix script '/home/tien/Documents/GitHub/ALL_CODE/red_ws/install/local_setup.zsh'
[3.827s] INFO:colcon.colcon_core.shell:Creating prefix chain script '/home/tien/Documents/GitHub/ALL_CODE/red_ws/install/setup.zsh'
