[1.000s] Invoking command in '/home/tien/Documents/GitHub/ALL_CODE/red_ws/src/abu_red': PYTHONPATH=/home/tien/Documents/GitHub/ALL_CODE/red_ws/build/abu_red/prefix_override:/home/tien/Documents/GitHub/ALL_CODE/red_ws/install/abu_red/lib/python3.10/site-packages:${PYTHONPATH} /usr/bin/python3 -W ignore:setup.py install is deprecated setup.py egg_info --egg-base ../../build/abu_red build --build-base /home/tien/Documents/GitHub/ALL_CODE/red_ws/build/abu_red/build install --record /home/tien/Documents/GitHub/ALL_CODE/red_ws/build/abu_red/install.log --single-version-externally-managed install_data
[1.392s] running egg_info
[1.392s] creating ../../build/abu_red/abu_red.egg-info
[1.393s] writing ../../build/abu_red/abu_red.egg-info/PKG-INFO
[1.393s] writing dependency_links to ../../build/abu_red/abu_red.egg-info/dependency_links.txt
[1.393s] writing entry points to ../../build/abu_red/abu_red.egg-info/entry_points.txt
[1.393s] writing requirements to ../../build/abu_red/abu_red.egg-info/requires.txt
[1.393s] writing top-level names to ../../build/abu_red/abu_red.egg-info/top_level.txt
[1.394s] writing manifest file '../../build/abu_red/abu_red.egg-info/SOURCES.txt'
[1.396s] reading manifest file '../../build/abu_red/abu_red.egg-info/SOURCES.txt'
[1.397s] writing manifest file '../../build/abu_red/abu_red.egg-info/SOURCES.txt'
[1.397s] running build
[1.397s] running build_py
[1.397s] creating /home/tien/Documents/GitHub/ALL_CODE/red_ws/build/abu_red/build
[1.397s] creating /home/tien/Documents/GitHub/ALL_CODE/red_ws/build/abu_red/build/lib
[1.398s] creating /home/tien/Documents/GitHub/ALL_CODE/red_ws/build/abu_red/build/lib/abu_red
[1.398s] copying abu_red/__init__.py -> /home/tien/Documents/GitHub/ALL_CODE/red_ws/build/abu_red/build/lib/abu_red
[1.398s] running install
[1.398s] running install_lib
[1.399s] creating /home/tien/Documents/GitHub/ALL_CODE/red_ws/install/abu_red/lib/python3.10/site-packages/abu_red
[1.399s] copying /home/tien/Documents/GitHub/ALL_CODE/red_ws/build/abu_red/build/lib/abu_red/__init__.py -> /home/tien/Documents/GitHub/ALL_CODE/red_ws/install/abu_red/lib/python3.10/site-packages/abu_red
[1.400s] byte-compiling /home/tien/Documents/GitHub/ALL_CODE/red_ws/install/abu_red/lib/python3.10/site-packages/abu_red/__init__.py to __init__.cpython-310.pyc
[1.400s] running install_data
[1.400s] creating /home/tien/Documents/GitHub/ALL_CODE/red_ws/install/abu_red/share/ament_index
[1.400s] creating /home/tien/Documents/GitHub/ALL_CODE/red_ws/install/abu_red/share/ament_index/resource_index
[1.400s] creating /home/tien/Documents/GitHub/ALL_CODE/red_ws/install/abu_red/share/ament_index/resource_index/packages
[1.401s] copying resource/abu_red -> /home/tien/Documents/GitHub/ALL_CODE/red_ws/install/abu_red/share/ament_index/resource_index/packages
[1.401s] copying package.xml -> /home/tien/Documents/GitHub/ALL_CODE/red_ws/install/abu_red/share/abu_red
[1.401s] running install_egg_info
[1.403s] Copying ../../build/abu_red/abu_red.egg-info to /home/tien/Documents/GitHub/ALL_CODE/red_ws/install/abu_red/lib/python3.10/site-packages/abu_red-0.0.0-py3.10.egg-info
[1.404s] running install_scripts
[1.436s] writing list of installed files to '/home/tien/Documents/GitHub/ALL_CODE/red_ws/build/abu_red/install.log'
[1.472s] Invoked command in '/home/tien/Documents/GitHub/ALL_CODE/red_ws/src/abu_red' returned '0': PYTHONPATH=/home/tien/Documents/GitHub/ALL_CODE/red_ws/build/abu_red/prefix_override:/home/tien/Documents/GitHub/ALL_CODE/red_ws/install/abu_red/lib/python3.10/site-packages:${PYTHONPATH} /usr/bin/python3 -W ignore:setup.py install is deprecated setup.py egg_info --egg-base ../../build/abu_red build --build-base /home/tien/Documents/GitHub/ALL_CODE/red_ws/build/abu_red/build install --record /home/tien/Documents/GitHub/ALL_CODE/red_ws/build/abu_red/install.log --single-version-externally-managed install_data
