[2.239s] Invoking command in '/home/tien/Documents/GitHub/ALL_CODE/red_ws/src/vision': PYTHONPATH=/home/tien/Documents/GitHub/ALL_CODE/red_ws/build/vision/prefix_override:/home/tien/Documents/GitHub/ALL_CODE/red_ws/install/vision/lib/python3.10/site-packages:${PYTHONPATH} /usr/bin/python3 -W ignore:setup.py install is deprecated setup.py egg_info --egg-base ../../build/vision build --build-base /home/tien/Documents/GitHub/ALL_CODE/red_ws/build/vision/build install --record /home/tien/Documents/GitHub/ALL_CODE/red_ws/build/vision/install.log --single-version-externally-managed install_data
[2.785s] running egg_info
[2.786s] writing ../../build/vision/vision.egg-info/PKG-INFO
[2.787s] writing dependency_links to ../../build/vision/vision.egg-info/dependency_links.txt
[2.787s] writing entry points to ../../build/vision/vision.egg-info/entry_points.txt
[2.787s] writing requirements to ../../build/vision/vision.egg-info/requires.txt
[2.788s] writing top-level names to ../../build/vision/vision.egg-info/top_level.txt
[2.791s] reading manifest file '../../build/vision/vision.egg-info/SOURCES.txt'
[2.793s] writing manifest file '../../build/vision/vision.egg-info/SOURCES.txt'
[2.793s] running build
[2.793s] running build_py
[2.794s] running install
[2.794s] running install_lib
[2.797s] running install_data
[2.797s] running install_egg_info
[2.801s] removing '/home/tien/Documents/GitHub/ALL_CODE/red_ws/install/vision/lib/python3.10/site-packages/vision-0.0.0-py3.10.egg-info' (and everything under it)
[2.801s] Copying ../../build/vision/vision.egg-info to /home/tien/Documents/GitHub/ALL_CODE/red_ws/install/vision/lib/python3.10/site-packages/vision-0.0.0-py3.10.egg-info
[2.803s] running install_scripts
[2.850s] writing list of installed files to '/home/tien/Documents/GitHub/ALL_CODE/red_ws/build/vision/install.log'
[2.907s] Invoked command in '/home/tien/Documents/GitHub/ALL_CODE/red_ws/src/vision' returned '0': PYTHONPATH=/home/tien/Documents/GitHub/ALL_CODE/red_ws/build/vision/prefix_override:/home/tien/Documents/GitHub/ALL_CODE/red_ws/install/vision/lib/python3.10/site-packages:${PYTHONPATH} /usr/bin/python3 -W ignore:setup.py install is deprecated setup.py egg_info --egg-base ../../build/vision build --build-base /home/tien/Documents/GitHub/ALL_CODE/red_ws/build/vision/build install --record /home/tien/Documents/GitHub/ALL_CODE/red_ws/build/vision/install.log --single-version-externally-managed install_data
