[2.250s] Invoking command in '/home/tien/Documents/GitHub/ALL_CODE/red_ws/src/state': PYTHONPATH=/home/tien/Documents/GitHub/ALL_CODE/red_ws/build/state/prefix_override:/home/tien/Documents/GitHub/ALL_CODE/red_ws/install/state/lib/python3.10/site-packages:${PYTHONPATH} /usr/bin/python3 -W ignore:setup.py install is deprecated setup.py egg_info --egg-base ../../build/state build --build-base /home/tien/Documents/GitHub/ALL_CODE/red_ws/build/state/build install --record /home/tien/Documents/GitHub/ALL_CODE/red_ws/build/state/install.log --single-version-externally-managed install_data
[2.802s] running egg_info
[2.803s] writing ../../build/state/state.egg-info/PKG-INFO
[2.804s] writing dependency_links to ../../build/state/state.egg-info/dependency_links.txt
[2.804s] writing entry points to ../../build/state/state.egg-info/entry_points.txt
[2.804s] writing requirements to ../../build/state/state.egg-info/requires.txt
[2.805s] writing top-level names to ../../build/state/state.egg-info/top_level.txt
[2.809s] reading manifest file '../../build/state/state.egg-info/SOURCES.txt'
[2.812s] writing manifest file '../../build/state/state.egg-info/SOURCES.txt'
[2.812s] running build
[2.812s] running build_py
[2.813s] copying state/state_node.py -> /home/tien/Documents/GitHub/ALL_CODE/red_ws/build/state/build/lib/state
[2.814s] running install
[2.814s] running install_lib
[2.815s] copying /home/tien/Documents/GitHub/ALL_CODE/red_ws/build/state/build/lib/state/state_node.py -> /home/tien/Documents/GitHub/ALL_CODE/red_ws/install/state/lib/python3.10/site-packages/state
[2.817s] byte-compiling /home/tien/Documents/GitHub/ALL_CODE/red_ws/install/state/lib/python3.10/site-packages/state/state_node.py to state_node.cpython-310.pyc
[2.819s] running install_data
[2.819s] running install_egg_info
[2.824s] removing '/home/tien/Documents/GitHub/ALL_CODE/red_ws/install/state/lib/python3.10/site-packages/state-0.0.0-py3.10.egg-info' (and everything under it)
[2.826s] Copying ../../build/state/state.egg-info to /home/tien/Documents/GitHub/ALL_CODE/red_ws/install/state/lib/python3.10/site-packages/state-0.0.0-py3.10.egg-info
[2.828s] running install_scripts
[2.873s] writing list of installed files to '/home/tien/Documents/GitHub/ALL_CODE/red_ws/build/state/install.log'
[2.938s] Invoked command in '/home/tien/Documents/GitHub/ALL_CODE/red_ws/src/state' returned '0': PYTHONPATH=/home/tien/Documents/GitHub/ALL_CODE/red_ws/build/state/prefix_override:/home/tien/Documents/GitHub/ALL_CODE/red_ws/install/state/lib/python3.10/site-packages:${PYTHONPATH} /usr/bin/python3 -W ignore:setup.py install is deprecated setup.py egg_info --egg-base ../../build/state build --build-base /home/tien/Documents/GitHub/ALL_CODE/red_ws/build/state/build install --record /home/tien/Documents/GitHub/ALL_CODE/red_ws/build/state/install.log --single-version-externally-managed install_data
