[2.558s] Invoking command in '/home/tien/Documents/GitHub/ALL_CODE/red_ws/src/mobile': PYTHONPATH=/home/tien/Documents/GitHub/ALL_CODE/red_ws/build/mobile/prefix_override:/home/tien/Documents/GitHub/ALL_CODE/red_ws/install/mobile/lib/python3.10/site-packages:${PYTHONPATH} /usr/bin/python3 -W ignore:setup.py install is deprecated setup.py egg_info --egg-base ../../build/mobile build --build-base /home/tien/Documents/GitHub/ALL_CODE/red_ws/build/mobile/build install --record /home/tien/Documents/GitHub/ALL_CODE/red_ws/build/mobile/install.log --single-version-externally-managed install_data
[3.069s] running egg_info
[3.070s] writing ../../build/mobile/mobile.egg-info/PKG-INFO
[3.070s] writing dependency_links to ../../build/mobile/mobile.egg-info/dependency_links.txt
[3.071s] writing entry points to ../../build/mobile/mobile.egg-info/entry_points.txt
[3.071s] writing requirements to ../../build/mobile/mobile.egg-info/requires.txt
[3.071s] writing top-level names to ../../build/mobile/mobile.egg-info/top_level.txt
[3.074s] reading manifest file '../../build/mobile/mobile.egg-info/SOURCES.txt'
[3.076s] writing manifest file '../../build/mobile/mobile.egg-info/SOURCES.txt'
[3.076s] running build
[3.076s] running build_py
[3.076s] running install
[3.077s] running install_lib
[3.080s] byte-compiling /home/tien/Documents/GitHub/ALL_CODE/red_ws/install/mobile/lib/python3.10/site-packages/mobile/PID_node.py to PID_node.cpython-310.pyc
[3.080s] Sorry: IndentationError: unexpected indent (PID_node.py, line 28)
[3.081s] running install_data
[3.081s] running install_egg_info
[3.084s] removing '/home/tien/Documents/GitHub/ALL_CODE/red_ws/install/mobile/lib/python3.10/site-packages/mobile-0.0.0-py3.10.egg-info' (and everything under it)
[3.085s] Copying ../../build/mobile/mobile.egg-info to /home/tien/Documents/GitHub/ALL_CODE/red_ws/install/mobile/lib/python3.10/site-packages/mobile-0.0.0-py3.10.egg-info
[3.086s] running install_scripts
[3.127s] Installing PID_test script to /home/tien/Documents/GitHub/ALL_CODE/red_ws/install/mobile/lib/mobile
[3.127s] writing list of installed files to '/home/tien/Documents/GitHub/ALL_CODE/red_ws/build/mobile/install.log'
[3.193s] Invoked command in '/home/tien/Documents/GitHub/ALL_CODE/red_ws/src/mobile' returned '0': PYTHONPATH=/home/tien/Documents/GitHub/ALL_CODE/red_ws/build/mobile/prefix_override:/home/tien/Documents/GitHub/ALL_CODE/red_ws/install/mobile/lib/python3.10/site-packages:${PYTHONPATH} /usr/bin/python3 -W ignore:setup.py install is deprecated setup.py egg_info --egg-base ../../build/mobile build --build-base /home/tien/Documents/GitHub/ALL_CODE/red_ws/build/mobile/build install --record /home/tien/Documents/GitHub/ALL_CODE/red_ws/build/mobile/install.log --single-version-externally-managed install_data
