[2.551s] Invoking command in '/home/tien/Documents/GitHub/ALL_CODE/red_ws/src/vision': PYTHONPATH=/home/tien/Documents/GitHub/ALL_CODE/red_ws/build/vision/prefix_override:/home/tien/Documents/GitHub/ALL_CODE/red_ws/install/vision/lib/python3.10/site-packages:${PYTHONPATH} /usr/bin/python3 -W ignore:setup.py install is deprecated setup.py egg_info --egg-base ../../build/vision build --build-base /home/tien/Documents/GitHub/ALL_CODE/red_ws/build/vision/build install --record /home/tien/Documents/GitHub/ALL_CODE/red_ws/build/vision/install.log --single-version-externally-managed install_data
[3.072s] running egg_info
[3.074s] writing ../../build/vision/vision.egg-info/PKG-INFO
[3.074s] writing dependency_links to ../../build/vision/vision.egg-info/dependency_links.txt
[3.074s] writing entry points to ../../build/vision/vision.egg-info/entry_points.txt
[3.074s] writing requirements to ../../build/vision/vision.egg-info/requires.txt
[3.075s] writing top-level names to ../../build/vision/vision.egg-info/top_level.txt
[3.078s] reading manifest file '../../build/vision/vision.egg-info/SOURCES.txt'
[3.080s] writing manifest file '../../build/vision/vision.egg-info/SOURCES.txt'
[3.080s] running build
[3.080s] running build_py
[3.080s] running install
[3.081s] running install_lib
[3.083s] running install_data
[3.084s] running install_egg_info
[3.087s] removing '/home/tien/Documents/GitHub/ALL_CODE/red_ws/install/vision/lib/python3.10/site-packages/vision-0.0.0-py3.10.egg-info' (and everything under it)
[3.088s] Copying ../../build/vision/vision.egg-info to /home/tien/Documents/GitHub/ALL_CODE/red_ws/install/vision/lib/python3.10/site-packages/vision-0.0.0-py3.10.egg-info
[3.089s] running install_scripts
[3.133s] writing list of installed files to '/home/tien/Documents/GitHub/ALL_CODE/red_ws/build/vision/install.log'
[3.193s] Invoked command in '/home/tien/Documents/GitHub/ALL_CODE/red_ws/src/vision' returned '0': PYTHONPATH=/home/tien/Documents/GitHub/ALL_CODE/red_ws/build/vision/prefix_override:/home/tien/Documents/GitHub/ALL_CODE/red_ws/install/vision/lib/python3.10/site-packages:${PYTHONPATH} /usr/bin/python3 -W ignore:setup.py install is deprecated setup.py egg_info --egg-base ../../build/vision build --build-base /home/tien/Documents/GitHub/ALL_CODE/red_ws/build/vision/build install --record /home/tien/Documents/GitHub/ALL_CODE/red_ws/build/vision/install.log --single-version-externally-managed install_data
