[2.553s] Invoking command in '/home/tien/Documents/GitHub/ALL_CODE/red_ws/src/state': PYTHONPATH=/home/tien/Documents/GitHub/ALL_CODE/red_ws/build/state/prefix_override:/home/tien/Documents/GitHub/ALL_CODE/red_ws/install/state/lib/python3.10/site-packages:${PYTHONPATH} /usr/bin/python3 -W ignore:setup.py install is deprecated setup.py egg_info --egg-base ../../build/state build --build-base /home/tien/Documents/GitHub/ALL_CODE/red_ws/build/state/build install --record /home/tien/Documents/GitHub/ALL_CODE/red_ws/build/state/install.log --single-version-externally-managed install_data
[3.070s] running egg_info
[3.070s] writing ../../build/state/state.egg-info/PKG-INFO
[3.071s] writing dependency_links to ../../build/state/state.egg-info/dependency_links.txt
[3.071s] writing entry points to ../../build/state/state.egg-info/entry_points.txt
[3.071s] writing requirements to ../../build/state/state.egg-info/requires.txt
[3.071s] writing top-level names to ../../build/state/state.egg-info/top_level.txt
[3.075s] reading manifest file '../../build/state/state.egg-info/SOURCES.txt'
[3.077s] writing manifest file '../../build/state/state.egg-info/SOURCES.txt'
[3.077s] running build
[3.077s] running build_py
[3.077s] running install
[3.078s] running install_lib
[3.080s] running install_data
[3.080s] running install_egg_info
[3.083s] removing '/home/tien/Documents/GitHub/ALL_CODE/red_ws/install/state/lib/python3.10/site-packages/state-0.0.0-py3.10.egg-info' (and everything under it)
[3.084s] Copying ../../build/state/state.egg-info to /home/tien/Documents/GitHub/ALL_CODE/red_ws/install/state/lib/python3.10/site-packages/state-0.0.0-py3.10.egg-info
[3.085s] running install_scripts
[3.128s] writing list of installed files to '/home/tien/Documents/GitHub/ALL_CODE/red_ws/build/state/install.log'
[3.178s] Invoked command in '/home/tien/Documents/GitHub/ALL_CODE/red_ws/src/state' returned '0': PYTHONPATH=/home/tien/Documents/GitHub/ALL_CODE/red_ws/build/state/prefix_override:/home/tien/Documents/GitHub/ALL_CODE/red_ws/install/state/lib/python3.10/site-packages:${PYTHONPATH} /usr/bin/python3 -W ignore:setup.py install is deprecated setup.py egg_info --egg-base ../../build/state build --build-base /home/tien/Documents/GitHub/ALL_CODE/red_ws/build/state/build install --record /home/tien/Documents/GitHub/ALL_CODE/red_ws/build/state/install.log --single-version-externally-managed install_data
