[2.414s] Invoking command in '/home/tien/Documents/GitHub/ALL_CODE/red_ws/src/mobile': PYTHONPATH=/home/tien/Documents/GitHub/ALL_CODE/red_ws/build/mobile/prefix_override:/home/tien/Documents/GitHub/ALL_CODE/red_ws/install/mobile/lib/python3.10/site-packages:${PYTHONPATH} /usr/bin/python3 -W ignore:setup.py install is deprecated setup.py egg_info --egg-base ../../build/mobile build --build-base /home/tien/Documents/GitHub/ALL_CODE/red_ws/build/mobile/build install --record /home/tien/Documents/GitHub/ALL_CODE/red_ws/build/mobile/install.log --single-version-externally-managed install_data
[2.942s] running egg_info
[2.943s] writing ../../build/mobile/mobile.egg-info/PKG-INFO
[2.945s] writing dependency_links to ../../build/mobile/mobile.egg-info/dependency_links.txt
[2.945s] writing entry points to ../../build/mobile/mobile.egg-info/entry_points.txt
[2.945s] writing requirements to ../../build/mobile/mobile.egg-info/requires.txt
[2.946s] writing top-level names to ../../build/mobile/mobile.egg-info/top_level.txt
[2.948s] reading manifest file '../../build/mobile/mobile.egg-info/SOURCES.txt'
[2.951s] writing manifest file '../../build/mobile/mobile.egg-info/SOURCES.txt'
[2.952s] running build
[2.952s] running build_py
[2.953s] copying mobile/PID_node.py -> /home/tien/Documents/GitHub/ALL_CODE/red_ws/build/mobile/build/lib/mobile
[2.954s] running install
[2.955s] running install_lib
[2.957s] copying /home/tien/Documents/GitHub/ALL_CODE/red_ws/build/mobile/build/lib/mobile/PID_node.py -> /home/tien/Documents/GitHub/ALL_CODE/red_ws/install/mobile/lib/python3.10/site-packages/mobile
[2.960s] byte-compiling /home/tien/Documents/GitHub/ALL_CODE/red_ws/install/mobile/lib/python3.10/site-packages/mobile/PID_node.py to PID_node.cpython-310.pyc
[2.962s] running install_data
[2.962s] running install_egg_info
[2.966s] removing '/home/tien/Documents/GitHub/ALL_CODE/red_ws/install/mobile/lib/python3.10/site-packages/mobile-0.0.0-py3.10.egg-info' (and everything under it)
[2.967s] Copying ../../build/mobile/mobile.egg-info to /home/tien/Documents/GitHub/ALL_CODE/red_ws/install/mobile/lib/python3.10/site-packages/mobile-0.0.0-py3.10.egg-info
[2.968s] running install_scripts
[3.027s] Installing PID_test script to /home/tien/Documents/GitHub/ALL_CODE/red_ws/install/mobile/lib/mobile
[3.028s] writing list of installed files to '/home/tien/Documents/GitHub/ALL_CODE/red_ws/build/mobile/install.log'
[3.106s] Invoked command in '/home/tien/Documents/GitHub/ALL_CODE/red_ws/src/mobile' returned '0': PYTHONPATH=/home/tien/Documents/GitHub/ALL_CODE/red_ws/build/mobile/prefix_override:/home/tien/Documents/GitHub/ALL_CODE/red_ws/install/mobile/lib/python3.10/site-packages:${PYTHONPATH} /usr/bin/python3 -W ignore:setup.py install is deprecated setup.py egg_info --egg-base ../../build/mobile build --build-base /home/tien/Documents/GitHub/ALL_CODE/red_ws/build/mobile/build install --record /home/tien/Documents/GitHub/ALL_CODE/red_ws/build/mobile/install.log --single-version-externally-managed install_data
