[2.169s] Invoking command in '/home/tien/Documents/GitHub/ALL_CODE/red_ws/src/state': PYTHONPATH=/home/tien/Documents/GitHub/ALL_CODE/red_ws/build/state/prefix_override:/home/tien/Documents/GitHub/ALL_CODE/red_ws/install/state/lib/python3.10/site-packages:${PYTHONPATH} /usr/bin/python3 -W ignore:setup.py install is deprecated setup.py egg_info --egg-base ../../build/state build --build-base /home/tien/Documents/GitHub/ALL_CODE/red_ws/build/state/build install --record /home/tien/Documents/GitHub/ALL_CODE/red_ws/build/state/install.log --single-version-externally-managed install_data
[2.700s] running egg_info
[2.701s] writing ../../build/state/state.egg-info/PKG-INFO
[2.701s] writing dependency_links to ../../build/state/state.egg-info/dependency_links.txt
[2.701s] writing entry points to ../../build/state/state.egg-info/entry_points.txt
[2.701s] writing requirements to ../../build/state/state.egg-info/requires.txt
[2.702s] writing top-level names to ../../build/state/state.egg-info/top_level.txt
[2.705s] reading manifest file '../../build/state/state.egg-info/SOURCES.txt'
[2.706s] writing manifest file '../../build/state/state.egg-info/SOURCES.txt'
[2.707s] running build
[2.707s] running build_py
[2.707s] running install
[2.708s] running install_lib
[2.710s] running install_data
[2.711s] running install_egg_info
[2.715s] removing '/home/tien/Documents/GitHub/ALL_CODE/red_ws/install/state/lib/python3.10/site-packages/state-0.0.0-py3.10.egg-info' (and everything under it)
[2.716s] Copying ../../build/state/state.egg-info to /home/tien/Documents/GitHub/ALL_CODE/red_ws/install/state/lib/python3.10/site-packages/state-0.0.0-py3.10.egg-info
[2.719s] running install_scripts
[2.768s] writing list of installed files to '/home/tien/Documents/GitHub/ALL_CODE/red_ws/build/state/install.log'
[2.827s] Invoked command in '/home/tien/Documents/GitHub/ALL_CODE/red_ws/src/state' returned '0': PYTHONPATH=/home/tien/Documents/GitHub/ALL_CODE/red_ws/build/state/prefix_override:/home/tien/Documents/GitHub/ALL_CODE/red_ws/install/state/lib/python3.10/site-packages:${PYTHONPATH} /usr/bin/python3 -W ignore:setup.py install is deprecated setup.py egg_info --egg-base ../../build/state build --build-base /home/tien/Documents/GitHub/ALL_CODE/red_ws/build/state/build install --record /home/tien/Documents/GitHub/ALL_CODE/red_ws/build/state/install.log --single-version-externally-managed install_data
