[2.105s] Invoking command in '/home/tien/Documents/GitHub/ALL_CODE/red_ws/src/vision': PYTHONPATH=/home/tien/Documents/GitHub/ALL_CODE/red_ws/build/vision/prefix_override:/home/tien/Documents/GitHub/ALL_CODE/red_ws/install/vision/lib/python3.10/site-packages:${PYTHONPATH} /usr/bin/python3 -W ignore:setup.py install is deprecated setup.py egg_info --egg-base ../../build/vision build --build-base /home/tien/Documents/GitHub/ALL_CODE/red_ws/build/vision/build install --record /home/tien/Documents/GitHub/ALL_CODE/red_ws/build/vision/install.log --single-version-externally-managed install_data
[2.647s] running egg_info
[2.648s] writing ../../build/vision/vision.egg-info/PKG-INFO
[2.649s] writing dependency_links to ../../build/vision/vision.egg-info/dependency_links.txt
[2.649s] writing entry points to ../../build/vision/vision.egg-info/entry_points.txt
[2.649s] writing requirements to ../../build/vision/vision.egg-info/requires.txt
[2.649s] writing top-level names to ../../build/vision/vision.egg-info/top_level.txt
[2.653s] reading manifest file '../../build/vision/vision.egg-info/SOURCES.txt'
[2.655s] writing manifest file '../../build/vision/vision.egg-info/SOURCES.txt'
[2.655s] running build
[2.655s] running build_py
[2.656s] running install
[2.656s] running install_lib
[2.659s] running install_data
[2.659s] running install_egg_info
[2.663s] removing '/home/tien/Documents/GitHub/ALL_CODE/red_ws/install/vision/lib/python3.10/site-packages/vision-0.0.0-py3.10.egg-info' (and everything under it)
[2.663s] Copying ../../build/vision/vision.egg-info to /home/tien/Documents/GitHub/ALL_CODE/red_ws/install/vision/lib/python3.10/site-packages/vision-0.0.0-py3.10.egg-info
[2.664s] running install_scripts
[2.711s] writing list of installed files to '/home/tien/Documents/GitHub/ALL_CODE/red_ws/build/vision/install.log'
[2.769s] Invoked command in '/home/tien/Documents/GitHub/ALL_CODE/red_ws/src/vision' returned '0': PYTHONPATH=/home/tien/Documents/GitHub/ALL_CODE/red_ws/build/vision/prefix_override:/home/tien/Documents/GitHub/ALL_CODE/red_ws/install/vision/lib/python3.10/site-packages:${PYTHONPATH} /usr/bin/python3 -W ignore:setup.py install is deprecated setup.py egg_info --egg-base ../../build/vision build --build-base /home/tien/Documents/GitHub/ALL_CODE/red_ws/build/vision/build install --record /home/tien/Documents/GitHub/ALL_CODE/red_ws/build/vision/install.log --single-version-externally-managed install_data
