[0.151s] DEBUG:colcon:Command line arguments: ['/usr/bin/colcon', 'build']
[0.151s] DEBUG:colcon:Parsed command line arguments: Namespace(log_base=None, log_level=None, verb_name='build', build_base='build', install_base='install', merge_install=False, symlink_install=False, test_result_base=None, continue_on_error=False, executor='parallel', parallel_workers=20, event_handlers=None, ignore_user_meta=False, metas=['./colcon.meta'], base_paths=['.'], packages_ignore=None, packages_ignore_regex=None, paths=None, packages_up_to=None, packages_up_to_regex=None, packages_above=None, packages_above_and_dependencies=None, packages_above_depth=None, packages_select_by_dep=None, packages_skip_by_dep=None, packages_skip_up_to=None, packages_select_build_failed=False, packages_skip_build_finished=False, packages_select_test_failures=False, packages_skip_test_passed=False, packages_select=None, packages_skip=None, packages_select_regex=None, packages_skip_regex=None, packages_start=None, packages_end=None, allow_overriding=[], cmake_args=None, cmake_target=None, cmake_target_skip_unavailable=False, cmake_clean_cache=False, cmake_clean_first=False, cmake_force_configure=False, ament_cmake_args=None, catkin_cmake_args=None, catkin_skip_building_tests=False, mixin_files=None, mixin=None, verb_parser=<colcon_mixin.mixin.mixin_argument.MixinArgumentDecorator object at 0x74d6a1e659f0>, verb_extension=<colcon_core.verb.build.BuildVerb object at 0x74d6a1fd9780>, main=<bound method BuildVerb.main of <colcon_core.verb.build.BuildVerb object at 0x74d6a1fd9780>>, mixin_verb=('build',))
[0.383s] Level 1:colcon.colcon_core.package_discovery:discover_packages(colcon_meta) check parameters
[0.383s] Level 1:colcon.colcon_core.package_discovery:discover_packages(recursive) check parameters
[0.383s] Level 1:colcon.colcon_core.package_discovery:discover_packages(ignore) check parameters
[0.383s] Level 1:colcon.colcon_core.package_discovery:discover_packages(path) check parameters
[0.383s] Level 1:colcon.colcon_core.package_discovery:discover_packages(colcon_meta) discover
[0.383s] Level 1:colcon.colcon_core.package_discovery:discover_packages(recursive) discover
[0.383s] INFO:colcon.colcon_core.package_discovery:Crawling recursively for packages in '/home/tien/Documents/GitHub/ALL_CODE/red_ws'
[0.384s] Level 1:colcon.colcon_core.package_identification:_identify(.) by extensions ['ignore', 'ignore_ament_install']
[0.384s] Level 1:colcon.colcon_core.package_identification:_identify(.) by extension 'ignore'
[0.384s] Level 1:colcon.colcon_core.package_identification:_identify(.) by extension 'ignore_ament_install'
[0.384s] Level 1:colcon.colcon_core.package_identification:_identify(.) by extensions ['colcon_pkg']
[0.384s] Level 1:colcon.colcon_core.package_identification:_identify(.) by extension 'colcon_pkg'
[0.384s] Level 1:colcon.colcon_core.package_identification:_identify(.) by extensions ['colcon_meta']
[0.384s] Level 1:colcon.colcon_core.package_identification:_identify(.) by extension 'colcon_meta'
[0.384s] Level 1:colcon.colcon_core.package_identification:_identify(.) by extensions ['ros']
[0.384s] Level 1:colcon.colcon_core.package_identification:_identify(.) by extension 'ros'
[0.407s] Level 1:colcon.colcon_core.package_identification:_identify(.) by extensions ['cmake', 'python']
[0.407s] Level 1:colcon.colcon_core.package_identification:_identify(.) by extension 'cmake'
[0.407s] Level 1:colcon.colcon_core.package_identification:_identify(.) by extension 'python'
[0.407s] Level 1:colcon.colcon_core.package_identification:_identify(.) by extensions ['python_setup_py']
[0.407s] Level 1:colcon.colcon_core.package_identification:_identify(.) by extension 'python_setup_py'
[0.407s] Level 1:colcon.colcon_core.package_identification:_identify(build) by extensions ['ignore', 'ignore_ament_install']
[0.407s] Level 1:colcon.colcon_core.package_identification:_identify(build) by extension 'ignore'
[0.407s] Level 1:colcon.colcon_core.package_identification:_identify(build) ignored
[0.407s] Level 1:colcon.colcon_core.package_identification:_identify(install) by extensions ['ignore', 'ignore_ament_install']
[0.408s] Level 1:colcon.colcon_core.package_identification:_identify(install) by extension 'ignore'
[0.408s] Level 1:colcon.colcon_core.package_identification:_identify(install) ignored
[0.408s] Level 1:colcon.colcon_core.package_identification:_identify(log) by extensions ['ignore', 'ignore_ament_install']
[0.408s] Level 1:colcon.colcon_core.package_identification:_identify(log) by extension 'ignore'
[0.408s] Level 1:colcon.colcon_core.package_identification:_identify(log) ignored
[0.408s] Level 1:colcon.colcon_core.package_identification:_identify(src) by extensions ['ignore', 'ignore_ament_install']
[0.408s] Level 1:colcon.colcon_core.package_identification:_identify(src) by extension 'ignore'
[0.408s] Level 1:colcon.colcon_core.package_identification:_identify(src) by extension 'ignore_ament_install'
[0.408s] Level 1:colcon.colcon_core.package_identification:_identify(src) by extensions ['colcon_pkg']
[0.408s] Level 1:colcon.colcon_core.package_identification:_identify(src) by extension 'colcon_pkg'
[0.408s] Level 1:colcon.colcon_core.package_identification:_identify(src) by extensions ['colcon_meta']
[0.408s] Level 1:colcon.colcon_core.package_identification:_identify(src) by extension 'colcon_meta'
[0.408s] Level 1:colcon.colcon_core.package_identification:_identify(src) by extensions ['ros']
[0.408s] Level 1:colcon.colcon_core.package_identification:_identify(src) by extension 'ros'
[0.408s] Level 1:colcon.colcon_core.package_identification:_identify(src) by extensions ['cmake', 'python']
[0.408s] Level 1:colcon.colcon_core.package_identification:_identify(src) by extension 'cmake'
[0.408s] Level 1:colcon.colcon_core.package_identification:_identify(src) by extension 'python'
[0.408s] Level 1:colcon.colcon_core.package_identification:_identify(src) by extensions ['python_setup_py']
[0.408s] Level 1:colcon.colcon_core.package_identification:_identify(src) by extension 'python_setup_py'
[0.409s] Level 1:colcon.colcon_core.package_identification:_identify(src/mobile) by extensions ['ignore', 'ignore_ament_install']
[0.409s] Level 1:colcon.colcon_core.package_identification:_identify(src/mobile) by extension 'ignore'
[0.409s] Level 1:colcon.colcon_core.package_identification:_identify(src/mobile) by extension 'ignore_ament_install'
[0.409s] Level 1:colcon.colcon_core.package_identification:_identify(src/mobile) by extensions ['colcon_pkg']
[0.409s] Level 1:colcon.colcon_core.package_identification:_identify(src/mobile) by extension 'colcon_pkg'
[0.409s] Level 1:colcon.colcon_core.package_identification:_identify(src/mobile) by extensions ['colcon_meta']
[0.409s] Level 1:colcon.colcon_core.package_identification:_identify(src/mobile) by extension 'colcon_meta'
[0.409s] Level 1:colcon.colcon_core.package_identification:_identify(src/mobile) by extensions ['ros']
[0.409s] Level 1:colcon.colcon_core.package_identification:_identify(src/mobile) by extension 'ros'
[0.412s] DEBUG:colcon.colcon_core.package_identification:Package 'src/mobile' with type 'ros.ament_python' and name 'mobile'
[0.412s] Level 1:colcon.colcon_core.package_identification:_identify(src/state) by extensions ['ignore', 'ignore_ament_install']
[0.412s] Level 1:colcon.colcon_core.package_identification:_identify(src/state) by extension 'ignore'
[0.412s] Level 1:colcon.colcon_core.package_identification:_identify(src/state) by extension 'ignore_ament_install'
[0.412s] Level 1:colcon.colcon_core.package_identification:_identify(src/state) by extensions ['colcon_pkg']
[0.412s] Level 1:colcon.colcon_core.package_identification:_identify(src/state) by extension 'colcon_pkg'
[0.412s] Level 1:colcon.colcon_core.package_identification:_identify(src/state) by extensions ['colcon_meta']
[0.412s] Level 1:colcon.colcon_core.package_identification:_identify(src/state) by extension 'colcon_meta'
[0.413s] Level 1:colcon.colcon_core.package_identification:_identify(src/state) by extensions ['ros']
[0.413s] Level 1:colcon.colcon_core.package_identification:_identify(src/state) by extension 'ros'
[0.413s] DEBUG:colcon.colcon_core.package_identification:Package 'src/state' with type 'ros.ament_python' and name 'state'
[0.413s] Level 1:colcon.colcon_core.package_identification:_identify(src/vision) by extensions ['ignore', 'ignore_ament_install']
[0.413s] Level 1:colcon.colcon_core.package_identification:_identify(src/vision) by extension 'ignore'
[0.413s] Level 1:colcon.colcon_core.package_identification:_identify(src/vision) by extension 'ignore_ament_install'
[0.413s] Level 1:colcon.colcon_core.package_identification:_identify(src/vision) by extensions ['colcon_pkg']
[0.413s] Level 1:colcon.colcon_core.package_identification:_identify(src/vision) by extension 'colcon_pkg'
[0.414s] Level 1:colcon.colcon_core.package_identification:_identify(src/vision) by extensions ['colcon_meta']
[0.414s] Level 1:colcon.colcon_core.package_identification:_identify(src/vision) by extension 'colcon_meta'
[0.414s] Level 1:colcon.colcon_core.package_identification:_identify(src/vision) by extensions ['ros']
[0.414s] Level 1:colcon.colcon_core.package_identification:_identify(src/vision) by extension 'ros'
[0.414s] DEBUG:colcon.colcon_core.package_identification:Package 'src/vision' with type 'ros.ament_python' and name 'vision'
[0.414s] Level 1:colcon.colcon_core.package_discovery:discover_packages(recursive) using defaults
[0.414s] Level 1:colcon.colcon_core.package_discovery:discover_packages(ignore) discover
[0.414s] Level 1:colcon.colcon_core.package_discovery:discover_packages(ignore) using defaults
[0.414s] Level 1:colcon.colcon_core.package_discovery:discover_packages(path) discover
[0.414s] Level 1:colcon.colcon_core.package_discovery:discover_packages(path) using defaults
[0.442s] Level 1:colcon.colcon_core.package_discovery:discover_packages(prefix_path) check parameters
[0.442s] Level 1:colcon.colcon_core.package_discovery:discover_packages(prefix_path) discover
[0.448s] DEBUG:colcon.colcon_installed_package_information.package_discovery:Found 3 installed packages in /home/tien/Documents/GitHub/ALL_CODE/red_ws/install
[0.449s] DEBUG:colcon.colcon_installed_package_information.package_discovery:Found 15 installed packages in /home/tien/turtlebot3_ws/install
[0.450s] DEBUG:colcon.colcon_installed_package_information.package_discovery:Found 3 installed packages in /home/tien/jinpao_naia_ws/install
[0.451s] DEBUG:colcon.colcon_installed_package_information.package_discovery:Found 1 installed packages in /home/tien/abu_ws/install
[0.451s] DEBUG:colcon.colcon_installed_package_information.package_discovery:Found 3 installed packages in /home/tien/three_wheel_ws/install
[0.452s] DEBUG:colcon.colcon_installed_package_information.package_discovery:Found 5 installed packages in /home/tien/jinpao_ws/install
[0.454s] DEBUG:colcon.colcon_installed_package_information.package_discovery:Found 410 installed packages in /opt/ros/humble
[0.458s] Level 1:colcon.colcon_core.package_discovery:discover_packages(prefix_path) using defaults
[0.544s] Level 5:colcon.colcon_core.verb:set package 'mobile' build argument 'cmake_args' from command line to 'None'
[0.544s] Level 5:colcon.colcon_core.verb:set package 'mobile' build argument 'cmake_target' from command line to 'None'
[0.544s] Level 5:colcon.colcon_core.verb:set package 'mobile' build argument 'cmake_target_skip_unavailable' from command line to 'False'
[0.545s] Level 5:colcon.colcon_core.verb:set package 'mobile' build argument 'cmake_clean_cache' from command line to 'False'
[0.545s] Level 5:colcon.colcon_core.verb:set package 'mobile' build argument 'cmake_clean_first' from command line to 'False'
[0.545s] Level 5:colcon.colcon_core.verb:set package 'mobile' build argument 'cmake_force_configure' from command line to 'False'
[0.545s] Level 5:colcon.colcon_core.verb:set package 'mobile' build argument 'ament_cmake_args' from command line to 'None'
[0.545s] Level 5:colcon.colcon_core.verb:set package 'mobile' build argument 'catkin_cmake_args' from command line to 'None'
[0.545s] Level 5:colcon.colcon_core.verb:set package 'mobile' build argument 'catkin_skip_building_tests' from command line to 'False'
[0.545s] DEBUG:colcon.colcon_core.verb:Building package 'mobile' with the following arguments: {'ament_cmake_args': None, 'build_base': '/home/tien/Documents/GitHub/ALL_CODE/red_ws/build/mobile', 'catkin_cmake_args': None, 'catkin_skip_building_tests': False, 'cmake_args': None, 'cmake_clean_cache': False, 'cmake_clean_first': False, 'cmake_force_configure': False, 'cmake_target': None, 'cmake_target_skip_unavailable': False, 'install_base': '/home/tien/Documents/GitHub/ALL_CODE/red_ws/install/mobile', 'merge_install': False, 'path': '/home/tien/Documents/GitHub/ALL_CODE/red_ws/src/mobile', 'symlink_install': False, 'test_result_base': None}
[0.545s] Level 5:colcon.colcon_core.verb:set package 'state' build argument 'cmake_args' from command line to 'None'
[0.545s] Level 5:colcon.colcon_core.verb:set package 'state' build argument 'cmake_target' from command line to 'None'
[0.545s] Level 5:colcon.colcon_core.verb:set package 'state' build argument 'cmake_target_skip_unavailable' from command line to 'False'
[0.545s] Level 5:colcon.colcon_core.verb:set package 'state' build argument 'cmake_clean_cache' from command line to 'False'
[0.545s] Level 5:colcon.colcon_core.verb:set package 'state' build argument 'cmake_clean_first' from command line to 'False'
[0.545s] Level 5:colcon.colcon_core.verb:set package 'state' build argument 'cmake_force_configure' from command line to 'False'
[0.545s] Level 5:colcon.colcon_core.verb:set package 'state' build argument 'ament_cmake_args' from command line to 'None'
[0.545s] Level 5:colcon.colcon_core.verb:set package 'state' build argument 'catkin_cmake_args' from command line to 'None'
[0.545s] Level 5:colcon.colcon_core.verb:set package 'state' build argument 'catkin_skip_building_tests' from command line to 'False'
[0.545s] DEBUG:colcon.colcon_core.verb:Building package 'state' with the following arguments: {'ament_cmake_args': None, 'build_base': '/home/tien/Documents/GitHub/ALL_CODE/red_ws/build/state', 'catkin_cmake_args': None, 'catkin_skip_building_tests': False, 'cmake_args': None, 'cmake_clean_cache': False, 'cmake_clean_first': False, 'cmake_force_configure': False, 'cmake_target': None, 'cmake_target_skip_unavailable': False, 'install_base': '/home/tien/Documents/GitHub/ALL_CODE/red_ws/install/state', 'merge_install': False, 'path': '/home/tien/Documents/GitHub/ALL_CODE/red_ws/src/state', 'symlink_install': False, 'test_result_base': None}
[0.546s] Level 5:colcon.colcon_core.verb:set package 'vision' build argument 'cmake_args' from command line to 'None'
[0.546s] Level 5:colcon.colcon_core.verb:set package 'vision' build argument 'cmake_target' from command line to 'None'
[0.546s] Level 5:colcon.colcon_core.verb:set package 'vision' build argument 'cmake_target_skip_unavailable' from command line to 'False'
[0.546s] Level 5:colcon.colcon_core.verb:set package 'vision' build argument 'cmake_clean_cache' from command line to 'False'
[0.546s] Level 5:colcon.colcon_core.verb:set package 'vision' build argument 'cmake_clean_first' from command line to 'False'
[0.546s] Level 5:colcon.colcon_core.verb:set package 'vision' build argument 'cmake_force_configure' from command line to 'False'
[0.546s] Level 5:colcon.colcon_core.verb:set package 'vision' build argument 'ament_cmake_args' from command line to 'None'
[0.546s] Level 5:colcon.colcon_core.verb:set package 'vision' build argument 'catkin_cmake_args' from command line to 'None'
[0.546s] Level 5:colcon.colcon_core.verb:set package 'vision' build argument 'catkin_skip_building_tests' from command line to 'False'
[0.546s] DEBUG:colcon.colcon_core.verb:Building package 'vision' with the following arguments: {'ament_cmake_args': None, 'build_base': '/home/tien/Documents/GitHub/ALL_CODE/red_ws/build/vision', 'catkin_cmake_args': None, 'catkin_skip_building_tests': False, 'cmake_args': None, 'cmake_clean_cache': False, 'cmake_clean_first': False, 'cmake_force_configure': False, 'cmake_target': None, 'cmake_target_skip_unavailable': False, 'install_base': '/home/tien/Documents/GitHub/ALL_CODE/red_ws/install/vision', 'merge_install': False, 'path': '/home/tien/Documents/GitHub/ALL_CODE/red_ws/src/vision', 'symlink_install': False, 'test_result_base': None}
[0.546s] INFO:colcon.colcon_core.executor:Executing jobs using 'parallel' executor
[0.547s] DEBUG:colcon.colcon_parallel_executor.executor.parallel:run_until_complete
[0.548s] INFO:colcon.colcon_ros.task.ament_python.build:Building ROS package in '/home/tien/Documents/GitHub/ALL_CODE/red_ws/src/mobile' with build type 'ament_python'
[0.548s] Level 1:colcon.colcon_core.shell:create_environment_hook('mobile', 'ament_prefix_path')
[0.553s] INFO:colcon.colcon_core.plugin_system:Skipping extension 'colcon_core.shell.bat': Not used on non-Windows systems
[0.554s] INFO:colcon.colcon_core.shell:Creating environment hook '/home/tien/Documents/GitHub/ALL_CODE/red_ws/install/mobile/share/mobile/hook/ament_prefix_path.ps1'
[0.555s] INFO:colcon.colcon_core.shell:Creating environment descriptor '/home/tien/Documents/GitHub/ALL_CODE/red_ws/install/mobile/share/mobile/hook/ament_prefix_path.dsv'
[0.556s] INFO:colcon.colcon_core.shell:Creating environment hook '/home/tien/Documents/GitHub/ALL_CODE/red_ws/install/mobile/share/mobile/hook/ament_prefix_path.sh'
[0.557s] INFO:colcon.colcon_core.shell:Skip shell extension 'powershell' for command environment: Not usable outside of PowerShell
[0.557s] DEBUG:colcon.colcon_core.shell:Skip shell extension 'dsv' for command environment
[0.567s] INFO:colcon.colcon_ros.task.ament_python.build:Building ROS package in '/home/tien/Documents/GitHub/ALL_CODE/red_ws/src/state' with build type 'ament_python'
[0.567s] Level 1:colcon.colcon_core.shell:create_environment_hook('state', 'ament_prefix_path')
[0.567s] INFO:colcon.colcon_core.shell:Creating environment hook '/home/tien/Documents/GitHub/ALL_CODE/red_ws/install/state/share/state/hook/ament_prefix_path.ps1'
[0.568s] INFO:colcon.colcon_core.shell:Creating environment descriptor '/home/tien/Documents/GitHub/ALL_CODE/red_ws/install/state/share/state/hook/ament_prefix_path.dsv'
[0.568s] INFO:colcon.colcon_core.shell:Creating environment hook '/home/tien/Documents/GitHub/ALL_CODE/red_ws/install/state/share/state/hook/ament_prefix_path.sh'
[0.569s] INFO:colcon.colcon_core.shell:Skip shell extension 'powershell' for command environment: Not usable outside of PowerShell
[0.569s] DEBUG:colcon.colcon_core.shell:Skip shell extension 'dsv' for command environment
[0.577s] INFO:colcon.colcon_ros.task.ament_python.build:Building ROS package in '/home/tien/Documents/GitHub/ALL_CODE/red_ws/src/vision' with build type 'ament_python'
[0.578s] Level 1:colcon.colcon_core.shell:create_environment_hook('vision', 'ament_prefix_path')
[0.578s] INFO:colcon.colcon_core.shell:Creating environment hook '/home/tien/Documents/GitHub/ALL_CODE/red_ws/install/vision/share/vision/hook/ament_prefix_path.ps1'
[0.579s] INFO:colcon.colcon_core.shell:Creating environment descriptor '/home/tien/Documents/GitHub/ALL_CODE/red_ws/install/vision/share/vision/hook/ament_prefix_path.dsv'
[0.579s] INFO:colcon.colcon_core.shell:Creating environment hook '/home/tien/Documents/GitHub/ALL_CODE/red_ws/install/vision/share/vision/hook/ament_prefix_path.sh'
[0.580s] INFO:colcon.colcon_core.shell:Skip shell extension 'powershell' for command environment: Not usable outside of PowerShell
[0.580s] DEBUG:colcon.colcon_core.shell:Skip shell extension 'dsv' for command environment
[0.992s] INFO:colcon.colcon_core.task.python.build:Building Python package in '/home/tien/Documents/GitHub/ALL_CODE/red_ws/src/mobile'
[0.992s] INFO:colcon.colcon_core.shell:Skip shell extension 'powershell' for command environment: Not usable outside of PowerShell
[0.992s] DEBUG:colcon.colcon_core.shell:Skip shell extension 'dsv' for command environment
[1.379s] INFO:colcon.colcon_core.task.python.build:Building Python package in '/home/tien/Documents/GitHub/ALL_CODE/red_ws/src/state'
[1.379s] INFO:colcon.colcon_core.shell:Skip shell extension 'powershell' for command environment: Not usable outside of PowerShell
[1.379s] DEBUG:colcon.colcon_core.shell:Skip shell extension 'dsv' for command environment
[1.767s] INFO:colcon.colcon_core.task.python.build:Building Python package in '/home/tien/Documents/GitHub/ALL_CODE/red_ws/src/vision'
[1.767s] INFO:colcon.colcon_core.shell:Skip shell extension 'powershell' for command environment: Not usable outside of PowerShell
[1.767s] DEBUG:colcon.colcon_core.shell:Skip shell extension 'dsv' for command environment
[2.558s] DEBUG:colcon.colcon_core.event_handler.log_command:Invoking command in '/home/tien/Documents/GitHub/ALL_CODE/red_ws/src/mobile': PYTHONPATH=/home/tien/Documents/GitHub/ALL_CODE/red_ws/build/mobile/prefix_override:/home/tien/Documents/GitHub/ALL_CODE/red_ws/install/mobile/lib/python3.10/site-packages:${PYTHONPATH} /usr/bin/python3 -W ignore:setup.py install is deprecated setup.py egg_info --egg-base ../../build/mobile build --build-base /home/tien/Documents/GitHub/ALL_CODE/red_ws/build/mobile/build install --record /home/tien/Documents/GitHub/ALL_CODE/red_ws/build/mobile/install.log --single-version-externally-managed install_data
[2.573s] DEBUG:colcon.colcon_core.event_handler.log_command:Invoking command in '/home/tien/Documents/GitHub/ALL_CODE/red_ws/src/vision': PYTHONPATH=/home/tien/Documents/GitHub/ALL_CODE/red_ws/build/vision/prefix_override:/home/tien/Documents/GitHub/ALL_CODE/red_ws/install/vision/lib/python3.10/site-packages:${PYTHONPATH} /usr/bin/python3 -W ignore:setup.py install is deprecated setup.py egg_info --egg-base ../../build/vision build --build-base /home/tien/Documents/GitHub/ALL_CODE/red_ws/build/vision/build install --record /home/tien/Documents/GitHub/ALL_CODE/red_ws/build/vision/install.log --single-version-externally-managed install_data
[2.575s] DEBUG:colcon.colcon_core.event_handler.log_command:Invoking command in '/home/tien/Documents/GitHub/ALL_CODE/red_ws/src/state': PYTHONPATH=/home/tien/Documents/GitHub/ALL_CODE/red_ws/build/state/prefix_override:/home/tien/Documents/GitHub/ALL_CODE/red_ws/install/state/lib/python3.10/site-packages:${PYTHONPATH} /usr/bin/python3 -W ignore:setup.py install is deprecated setup.py egg_info --egg-base ../../build/state build --build-base /home/tien/Documents/GitHub/ALL_CODE/red_ws/build/state/build install --record /home/tien/Documents/GitHub/ALL_CODE/red_ws/build/state/install.log --single-version-externally-managed install_data
[3.696s] DEBUG:colcon.colcon_core.event_handler.log_command:Invoked command in '/home/tien/Documents/GitHub/ALL_CODE/red_ws/src/mobile' returned '0': PYTHONPATH=/home/tien/Documents/GitHub/ALL_CODE/red_ws/build/mobile/prefix_override:/home/tien/Documents/GitHub/ALL_CODE/red_ws/install/mobile/lib/python3.10/site-packages:${PYTHONPATH} /usr/bin/python3 -W ignore:setup.py install is deprecated setup.py egg_info --egg-base ../../build/mobile build --build-base /home/tien/Documents/GitHub/ALL_CODE/red_ws/build/mobile/build install --record /home/tien/Documents/GitHub/ALL_CODE/red_ws/build/mobile/install.log --single-version-externally-managed install_data
[3.705s] Level 1:colcon.colcon_core.environment:checking '/home/tien/Documents/GitHub/ALL_CODE/red_ws/install/mobile' for CMake module files
[3.706s] Level 1:colcon.colcon_core.environment:checking '/home/tien/Documents/GitHub/ALL_CODE/red_ws/install/mobile' for CMake config files
[3.708s] Level 1:colcon.colcon_core.environment:checking '/home/tien/Documents/GitHub/ALL_CODE/red_ws/install/mobile/lib'
[3.708s] Level 1:colcon.colcon_core.environment:checking '/home/tien/Documents/GitHub/ALL_CODE/red_ws/install/mobile/bin'
[3.708s] Level 1:colcon.colcon_core.environment:checking '/home/tien/Documents/GitHub/ALL_CODE/red_ws/install/mobile/lib/pkgconfig/mobile.pc'
[3.709s] Level 1:colcon.colcon_core.environment:checking '/home/tien/Documents/GitHub/ALL_CODE/red_ws/install/mobile/lib/python3.10/site-packages'
[3.709s] Level 1:colcon.colcon_core.shell:create_environment_hook('mobile', 'pythonpath')
[3.709s] INFO:colcon.colcon_core.shell:Creating environment hook '/home/tien/Documents/GitHub/ALL_CODE/red_ws/install/mobile/share/mobile/hook/pythonpath.ps1'
[3.710s] INFO:colcon.colcon_core.shell:Creating environment descriptor '/home/tien/Documents/GitHub/ALL_CODE/red_ws/install/mobile/share/mobile/hook/pythonpath.dsv'
[3.712s] INFO:colcon.colcon_core.shell:Creating environment hook '/home/tien/Documents/GitHub/ALL_CODE/red_ws/install/mobile/share/mobile/hook/pythonpath.sh'
[3.713s] Level 1:colcon.colcon_core.environment:checking '/home/tien/Documents/GitHub/ALL_CODE/red_ws/install/mobile/bin'
[3.713s] Level 1:colcon.colcon_core.environment:create_environment_scripts_only(mobile)
[3.713s] INFO:colcon.colcon_core.shell:Creating package script '/home/tien/Documents/GitHub/ALL_CODE/red_ws/install/mobile/share/mobile/package.ps1'
[3.715s] INFO:colcon.colcon_core.shell:Creating package descriptor '/home/tien/Documents/GitHub/ALL_CODE/red_ws/install/mobile/share/mobile/package.dsv'
[3.717s] INFO:colcon.colcon_core.shell:Creating package script '/home/tien/Documents/GitHub/ALL_CODE/red_ws/install/mobile/share/mobile/package.sh'
[3.718s] INFO:colcon.colcon_core.shell:Creating package script '/home/tien/Documents/GitHub/ALL_CODE/red_ws/install/mobile/share/mobile/package.bash'
[3.720s] INFO:colcon.colcon_core.shell:Creating package script '/home/tien/Documents/GitHub/ALL_CODE/red_ws/install/mobile/share/mobile/package.zsh'
[3.721s] Level 1:colcon.colcon_core.environment:create_file_with_runtime_dependencies(/home/tien/Documents/GitHub/ALL_CODE/red_ws/install/mobile/share/colcon-core/packages/mobile)
[3.724s] Level 1:colcon.colcon_core.environment:checking '/home/tien/Documents/GitHub/ALL_CODE/red_ws/install/state' for CMake module files
[3.727s] Level 1:colcon.colcon_core.environment:checking '/home/tien/Documents/GitHub/ALL_CODE/red_ws/install/state' for CMake config files
[3.727s] DEBUG:colcon.colcon_core.event_handler.log_command:Invoked command in '/home/tien/Documents/GitHub/ALL_CODE/red_ws/src/state' returned '0': PYTHONPATH=/home/tien/Documents/GitHub/ALL_CODE/red_ws/build/state/prefix_override:/home/tien/Documents/GitHub/ALL_CODE/red_ws/install/state/lib/python3.10/site-packages:${PYTHONPATH} /usr/bin/python3 -W ignore:setup.py install is deprecated setup.py egg_info --egg-base ../../build/state build --build-base /home/tien/Documents/GitHub/ALL_CODE/red_ws/build/state/build install --record /home/tien/Documents/GitHub/ALL_CODE/red_ws/build/state/install.log --single-version-externally-managed install_data
[3.728s] Level 1:colcon.colcon_core.environment:checking '/home/tien/Documents/GitHub/ALL_CODE/red_ws/install/state/lib'
[3.728s] Level 1:colcon.colcon_core.environment:checking '/home/tien/Documents/GitHub/ALL_CODE/red_ws/install/state/bin'
[3.729s] Level 1:colcon.colcon_core.environment:checking '/home/tien/Documents/GitHub/ALL_CODE/red_ws/install/state/lib/pkgconfig/state.pc'
[3.729s] Level 1:colcon.colcon_core.environment:checking '/home/tien/Documents/GitHub/ALL_CODE/red_ws/install/state/lib/python3.10/site-packages'
[3.729s] Level 1:colcon.colcon_core.shell:create_environment_hook('state', 'pythonpath')
[3.730s] INFO:colcon.colcon_core.shell:Creating environment hook '/home/tien/Documents/GitHub/ALL_CODE/red_ws/install/state/share/state/hook/pythonpath.ps1'
[3.731s] INFO:colcon.colcon_core.shell:Creating environment descriptor '/home/tien/Documents/GitHub/ALL_CODE/red_ws/install/state/share/state/hook/pythonpath.dsv'
[3.732s] INFO:colcon.colcon_core.shell:Creating environment hook '/home/tien/Documents/GitHub/ALL_CODE/red_ws/install/state/share/state/hook/pythonpath.sh'
[3.733s] Level 1:colcon.colcon_core.environment:checking '/home/tien/Documents/GitHub/ALL_CODE/red_ws/install/state/bin'
[3.734s] Level 1:colcon.colcon_core.environment:create_environment_scripts_only(state)
[3.735s] INFO:colcon.colcon_core.shell:Creating package script '/home/tien/Documents/GitHub/ALL_CODE/red_ws/install/state/share/state/package.ps1'
[3.736s] INFO:colcon.colcon_core.shell:Creating package descriptor '/home/tien/Documents/GitHub/ALL_CODE/red_ws/install/state/share/state/package.dsv'
[3.737s] INFO:colcon.colcon_core.shell:Creating package script '/home/tien/Documents/GitHub/ALL_CODE/red_ws/install/state/share/state/package.sh'
[3.738s] INFO:colcon.colcon_core.shell:Creating package script '/home/tien/Documents/GitHub/ALL_CODE/red_ws/install/state/share/state/package.bash'
[3.739s] INFO:colcon.colcon_core.shell:Creating package script '/home/tien/Documents/GitHub/ALL_CODE/red_ws/install/state/share/state/package.zsh'
[3.740s] Level 1:colcon.colcon_core.environment:create_file_with_runtime_dependencies(/home/tien/Documents/GitHub/ALL_CODE/red_ws/install/state/share/colcon-core/packages/state)
[3.741s] Level 1:colcon.colcon_core.environment:checking '/home/tien/Documents/GitHub/ALL_CODE/red_ws/install/vision' for CMake module files
[3.743s] DEBUG:colcon.colcon_core.event_handler.log_command:Invoked command in '/home/tien/Documents/GitHub/ALL_CODE/red_ws/src/vision' returned '0': PYTHONPATH=/home/tien/Documents/GitHub/ALL_CODE/red_ws/build/vision/prefix_override:/home/tien/Documents/GitHub/ALL_CODE/red_ws/install/vision/lib/python3.10/site-packages:${PYTHONPATH} /usr/bin/python3 -W ignore:setup.py install is deprecated setup.py egg_info --egg-base ../../build/vision build --build-base /home/tien/Documents/GitHub/ALL_CODE/red_ws/build/vision/build install --record /home/tien/Documents/GitHub/ALL_CODE/red_ws/build/vision/install.log --single-version-externally-managed install_data
[3.744s] Level 1:colcon.colcon_core.environment:checking '/home/tien/Documents/GitHub/ALL_CODE/red_ws/install/vision' for CMake config files
[3.745s] Level 1:colcon.colcon_core.environment:checking '/home/tien/Documents/GitHub/ALL_CODE/red_ws/install/vision/lib'
[3.745s] Level 1:colcon.colcon_core.environment:checking '/home/tien/Documents/GitHub/ALL_CODE/red_ws/install/vision/bin'
[3.745s] Level 1:colcon.colcon_core.environment:checking '/home/tien/Documents/GitHub/ALL_CODE/red_ws/install/vision/lib/pkgconfig/vision.pc'
[3.745s] Level 1:colcon.colcon_core.environment:checking '/home/tien/Documents/GitHub/ALL_CODE/red_ws/install/vision/lib/python3.10/site-packages'
[3.745s] Level 1:colcon.colcon_core.shell:create_environment_hook('vision', 'pythonpath')
[3.746s] INFO:colcon.colcon_core.shell:Creating environment hook '/home/tien/Documents/GitHub/ALL_CODE/red_ws/install/vision/share/vision/hook/pythonpath.ps1'
[3.746s] INFO:colcon.colcon_core.shell:Creating environment descriptor '/home/tien/Documents/GitHub/ALL_CODE/red_ws/install/vision/share/vision/hook/pythonpath.dsv'
[3.747s] INFO:colcon.colcon_core.shell:Creating environment hook '/home/tien/Documents/GitHub/ALL_CODE/red_ws/install/vision/share/vision/hook/pythonpath.sh'
[3.748s] Level 1:colcon.colcon_core.environment:checking '/home/tien/Documents/GitHub/ALL_CODE/red_ws/install/vision/bin'
[3.748s] Level 1:colcon.colcon_core.environment:create_environment_scripts_only(vision)
[3.748s] INFO:colcon.colcon_core.shell:Creating package script '/home/tien/Documents/GitHub/ALL_CODE/red_ws/install/vision/share/vision/package.ps1'
[3.749s] INFO:colcon.colcon_core.shell:Creating package descriptor '/home/tien/Documents/GitHub/ALL_CODE/red_ws/install/vision/share/vision/package.dsv'
[3.750s] INFO:colcon.colcon_core.shell:Creating package script '/home/tien/Documents/GitHub/ALL_CODE/red_ws/install/vision/share/vision/package.sh'
[3.750s] INFO:colcon.colcon_core.shell:Creating package script '/home/tien/Documents/GitHub/ALL_CODE/red_ws/install/vision/share/vision/package.bash'
[3.751s] INFO:colcon.colcon_core.shell:Creating package script '/home/tien/Documents/GitHub/ALL_CODE/red_ws/install/vision/share/vision/package.zsh'
[3.751s] Level 1:colcon.colcon_core.environment:create_file_with_runtime_dependencies(/home/tien/Documents/GitHub/ALL_CODE/red_ws/install/vision/share/colcon-core/packages/vision)
[3.752s] DEBUG:colcon.colcon_parallel_executor.executor.parallel:closing loop
[3.752s] DEBUG:colcon.colcon_parallel_executor.executor.parallel:loop closed
[3.753s] DEBUG:colcon.colcon_parallel_executor.executor.parallel:run_until_complete finished with '0'
[3.753s] DEBUG:colcon.colcon_core.event_reactor:joining thread
[3.765s] INFO:colcon.colcon_core.plugin_system:Skipping extension 'colcon_notification.desktop_notification.terminal_notifier': Not used on non-Darwin systems
[3.765s] INFO:colcon.colcon_core.plugin_system:Skipping extension 'colcon_notification.desktop_notification.win32': Not used on non-Windows systems
[3.766s] INFO:colcon.colcon_notification.desktop_notification:Sending desktop notification using 'notify2'
[3.796s] DEBUG:colcon.colcon_core.event_reactor:joined thread
[3.797s] INFO:colcon.colcon_core.shell:Creating prefix script '/home/tien/Documents/GitHub/ALL_CODE/red_ws/install/local_setup.ps1'
[3.799s] INFO:colcon.colcon_core.shell:Creating prefix util module '/home/tien/Documents/GitHub/ALL_CODE/red_ws/install/_local_setup_util_ps1.py'
[3.802s] INFO:colcon.colcon_core.shell:Creating prefix chain script '/home/tien/Documents/GitHub/ALL_CODE/red_ws/install/setup.ps1'
[3.806s] INFO:colcon.colcon_core.shell:Creating prefix script '/home/tien/Documents/GitHub/ALL_CODE/red_ws/install/local_setup.sh'
[3.807s] INFO:colcon.colcon_core.shell:Creating prefix util module '/home/tien/Documents/GitHub/ALL_CODE/red_ws/install/_local_setup_util_sh.py'
[3.808s] INFO:colcon.colcon_core.shell:Creating prefix chain script '/home/tien/Documents/GitHub/ALL_CODE/red_ws/install/setup.sh'
[3.814s] INFO:colcon.colcon_core.shell:Creating prefix script '/home/tien/Documents/GitHub/ALL_CODE/red_ws/install/local_setup.bash'
[3.815s] INFO:colcon.colcon_core.shell:Creating prefix chain script '/home/tien/Documents/GitHub/ALL_CODE/red_ws/install/setup.bash'
[3.820s] INFO:colcon.colcon_core.shell:Creating prefix script '/home/tien/Documents/GitHub/ALL_CODE/red_ws/install/local_setup.zsh'
[3.821s] INFO:colcon.colcon_core.shell:Creating prefix chain script '/home/tien/Documents/GitHub/ALL_CODE/red_ws/install/setup.zsh'
