[2.133s] Invoking command in '/home/tien/Documents/GitHub/ALL_CODE/red_ws/src/state': PYTHONPATH=/home/tien/Documents/GitHub/ALL_CODE/red_ws/build/state/prefix_override:/home/tien/Documents/GitHub/ALL_CODE/red_ws/install/state/lib/python3.10/site-packages:${PYTHONPATH} /usr/bin/python3 -W ignore:setup.py install is deprecated setup.py egg_info --egg-base ../../build/state build --build-base /home/tien/Documents/GitHub/ALL_CODE/red_ws/build/state/build install --record /home/tien/Documents/GitHub/ALL_CODE/red_ws/build/state/install.log --single-version-externally-managed install_data
[2.651s] running egg_info
[2.653s] writing ../../build/state/state.egg-info/PKG-INFO
[2.653s] writing dependency_links to ../../build/state/state.egg-info/dependency_links.txt
[2.653s] writing entry points to ../../build/state/state.egg-info/entry_points.txt
[2.653s] writing requirements to ../../build/state/state.egg-info/requires.txt
[2.654s] writing top-level names to ../../build/state/state.egg-info/top_level.txt
[2.657s] reading manifest file '../../build/state/state.egg-info/SOURCES.txt'
[2.658s] writing manifest file '../../build/state/state.egg-info/SOURCES.txt'
[2.659s] running build
[2.659s] running build_py
[2.660s] running install
[2.660s] running install_lib
[2.662s] running install_data
[2.663s] running install_egg_info
[2.666s] removing '/home/tien/Documents/GitHub/ALL_CODE/red_ws/install/state/lib/python3.10/site-packages/state-0.0.0-py3.10.egg-info' (and everything under it)
[2.667s] Copying ../../build/state/state.egg-info to /home/tien/Documents/GitHub/ALL_CODE/red_ws/install/state/lib/python3.10/site-packages/state-0.0.0-py3.10.egg-info
[2.668s] running install_scripts
[2.713s] writing list of installed files to '/home/tien/Documents/GitHub/ALL_CODE/red_ws/build/state/install.log'
[2.777s] Invoked command in '/home/tien/Documents/GitHub/ALL_CODE/red_ws/src/state' returned '0': PYTHONPATH=/home/tien/Documents/GitHub/ALL_CODE/red_ws/build/state/prefix_override:/home/tien/Documents/GitHub/ALL_CODE/red_ws/install/state/lib/python3.10/site-packages:${PYTHONPATH} /usr/bin/python3 -W ignore:setup.py install is deprecated setup.py egg_info --egg-base ../../build/state build --build-base /home/tien/Documents/GitHub/ALL_CODE/red_ws/build/state/build install --record /home/tien/Documents/GitHub/ALL_CODE/red_ws/build/state/install.log --single-version-externally-managed install_data
