[2.008s] Invoking command in '/home/tien/Documents/GitHub/ALL_CODE/red_ws/src/state': PYTHONPATH=/home/tien/Documents/GitHub/ALL_CODE/red_ws/build/state/prefix_override:/home/tien/Documents/GitHub/ALL_CODE/red_ws/install/state/lib/python3.10/site-packages:${PYTHONPATH} /usr/bin/python3 -W ignore:setup.py install is deprecated setup.py egg_info --egg-base ../../build/state build --build-base /home/tien/Documents/GitHub/ALL_CODE/red_ws/build/state/build install --record /home/tien/Documents/GitHub/ALL_CODE/red_ws/build/state/install.log --single-version-externally-managed install_data
[2.983s] running egg_info
[2.984s] writing ../../build/state/state.egg-info/PKG-INFO
[2.985s] writing dependency_links to ../../build/state/state.egg-info/dependency_links.txt
[2.985s] writing entry points to ../../build/state/state.egg-info/entry_points.txt
[2.986s] writing requirements to ../../build/state/state.egg-info/requires.txt
[2.986s] writing top-level names to ../../build/state/state.egg-info/top_level.txt
[2.993s] reading manifest file '../../build/state/state.egg-info/SOURCES.txt'
[2.996s] writing manifest file '../../build/state/state.egg-info/SOURCES.txt'
[2.997s] running build
[2.997s] running build_py
[2.997s] copying state/state_node.py -> /home/tien/Documents/GitHub/ALL_CODE/red_ws/build/state/build/lib/state
[2.998s] running install
[2.998s] running install_lib
[2.999s] copying /home/tien/Documents/GitHub/ALL_CODE/red_ws/build/state/build/lib/state/state_node.py -> /home/tien/Documents/GitHub/ALL_CODE/red_ws/install/state/lib/python3.10/site-packages/state
[3.001s] byte-compiling /home/tien/Documents/GitHub/ALL_CODE/red_ws/install/state/lib/python3.10/site-packages/state/state_node.py to state_node.cpython-310.pyc
[3.002s] running install_data
[3.003s] running install_egg_info
[3.008s] removing '/home/tien/Documents/GitHub/ALL_CODE/red_ws/install/state/lib/python3.10/site-packages/state-0.0.0-py3.10.egg-info' (and everything under it)
[3.009s] Copying ../../build/state/state.egg-info to /home/tien/Documents/GitHub/ALL_CODE/red_ws/install/state/lib/python3.10/site-packages/state-0.0.0-py3.10.egg-info
[3.010s] running install_scripts
[3.086s] writing list of installed files to '/home/tien/Documents/GitHub/ALL_CODE/red_ws/build/state/install.log'
[3.160s] Invoked command in '/home/tien/Documents/GitHub/ALL_CODE/red_ws/src/state' returned '0': PYTHONPATH=/home/tien/Documents/GitHub/ALL_CODE/red_ws/build/state/prefix_override:/home/tien/Documents/GitHub/ALL_CODE/red_ws/install/state/lib/python3.10/site-packages:${PYTHONPATH} /usr/bin/python3 -W ignore:setup.py install is deprecated setup.py egg_info --egg-base ../../build/state build --build-base /home/tien/Documents/GitHub/ALL_CODE/red_ws/build/state/build install --record /home/tien/Documents/GitHub/ALL_CODE/red_ws/build/state/install.log --single-version-externally-managed install_data
