[2.653s] Invoking command in '/home/tien/Documents/GitHub/ALL_CODE/red_ws/src/state': PYTHONPATH=/home/tien/Documents/GitHub/ALL_CODE/red_ws/build/state/prefix_override:/home/tien/Documents/GitHub/ALL_CODE/red_ws/install/state/lib/python3.10/site-packages:${PYTHONPATH} /usr/bin/python3 -W ignore:setup.py install is deprecated setup.py egg_info --egg-base ../../build/state build --build-base /home/tien/Documents/GitHub/ALL_CODE/red_ws/build/state/build install --record /home/tien/Documents/GitHub/ALL_CODE/red_ws/build/state/install.log --single-version-externally-managed install_data
[3.225s] running egg_info
[3.225s] writing ../../build/state/state.egg-info/PKG-INFO
[3.226s] writing dependency_links to ../../build/state/state.egg-info/dependency_links.txt
[3.226s] writing entry points to ../../build/state/state.egg-info/entry_points.txt
[3.226s] writing requirements to ../../build/state/state.egg-info/requires.txt
[3.226s] writing top-level names to ../../build/state/state.egg-info/top_level.txt
[3.230s] reading manifest file '../../build/state/state.egg-info/SOURCES.txt'
[3.232s] writing manifest file '../../build/state/state.egg-info/SOURCES.txt'
[3.232s] running build
[3.232s] running build_py
[3.232s] running install
[3.233s] running install_lib
[3.235s] running install_data
[3.235s] running install_egg_info
[3.239s] removing '/home/tien/Documents/GitHub/ALL_CODE/red_ws/install/state/lib/python3.10/site-packages/state-0.0.0-py3.10.egg-info' (and everything under it)
[3.241s] Copying ../../build/state/state.egg-info to /home/tien/Documents/GitHub/ALL_CODE/red_ws/install/state/lib/python3.10/site-packages/state-0.0.0-py3.10.egg-info
[3.241s] running install_scripts
[3.288s] writing list of installed files to '/home/tien/Documents/GitHub/ALL_CODE/red_ws/build/state/install.log'
[3.364s] Invoked command in '/home/tien/Documents/GitHub/ALL_CODE/red_ws/src/state' returned '0': PYTHONPATH=/home/tien/Documents/GitHub/ALL_CODE/red_ws/build/state/prefix_override:/home/tien/Documents/GitHub/ALL_CODE/red_ws/install/state/lib/python3.10/site-packages:${PYTHONPATH} /usr/bin/python3 -W ignore:setup.py install is deprecated setup.py egg_info --egg-base ../../build/state build --build-base /home/tien/Documents/GitHub/ALL_CODE/red_ws/build/state/build install --record /home/tien/Documents/GitHub/ALL_CODE/red_ws/build/state/install.log --single-version-externally-managed install_data
